#
# A fatal error has been detected by the Java Runtime Environment:
#
#  EXCEPTION_ACCESS_VIOLATION (0xc0000005) at pc=0x000000076b984388, pid=3984, tid=0x0000000000002c88
#
# JRE version: Java(TM) SE Runtime Environment (8.0_144-b01) (build 1.8.0_144-b01)
# Java VM: Java HotSpot(TM) 64-Bit Server VM (25.144-b01 mixed mode windows-amd64 compressed oops)
# Problematic frame:
# C  0x000000076b984388
#
# Failed to write core dump. Minidumps are not enabled by default on client versions of Windows
#
# If you would like to submit a bug report, please visit:
#   http://bugreport.java.com/bugreport/crash.jsp
# The crash happened outside the Java Virtual Machine in native code.
# See problematic frame for where to report the bug.
#

---------------  T H R E A D  ---------------

Current thread (0x000000001f601000):  JavaThread "AWT-EventQueue-0" [_thread_in_native, id=11400, stack(0x0000000027c10000,0x0000000027d10000)]

siginfo: ExceptionCode=0xc0000005, ExceptionInformation=0x0000000000000008 0x000000076b984388

Registers:
RAX=0x000000001f65d7e0, RBX=0x0000000000000009, RCX=0x0000000002c109f8, RDX=0x0000000002ce2a68
RSP=0x0000000027d0e148, RBP=0x00000000000003e8, RSI=0x0000000000000009, RDI=0x000000001f5f8830
R8 =0x0000000000000000, R9 =0x0000000000000009, R10=0x0000000002c10a50, R11=0x000000005699bc50
R12=0x0000000000000000, R13=0x000000001c26cbd0, R14=0x0000000027d0e258, R15=0x000000001f601000
RIP=0x000000076b984388, EFLAGS=0x0000000000010246

Top of Stack: (sp=0x0000000027d0e148)
0x0000000027d0e148:   00007fffa1c0600d 0000000002d17da0
0x0000000027d0e158:   0000000002d28909 0000000000000000
0x0000000027d0e168:   000000001f601000 000000001f65d7e0
0x0000000027d0e178:   0000000003b6fc7c 0000000002d17da0
0x0000000027d0e188:   0000000002d28a77 0000000027d0e220
0x0000000027d0e198:   000000001c26cbd0 0000000003b6fc7c
0x0000000027d0e1a8:   0000000002d2865d 000000001f601000
0x0000000027d0e1b8:   000000001c26cbd0 0000000003b6fc7c
0x0000000027d0e1c8:   000000001f601000 0000000000000001
0x0000000027d0e1d8:   000000076b2f5a90 0000000027d0e1d0
0x0000000027d0e1e8:   000000001c26cbd0 0000000027d0e258
0x0000000027d0e1f8:   000000001c2704f8 0000000000000000
0x0000000027d0e208:   000000001c26cbd0 0000000000000000
0x0000000027d0e218:   0000000027d0e240 0000000027d0e2a0
0x0000000027d0e228:   0000000002d17da0 0000000000000000
0x0000000027d0e238:   0000000002d219d6 0000000000000009 

Instructions: (pc=0x000000076b984388)
0x000000076b984368:   00 00 00 00 00 00 00 00 01 00 00 00 00 00 00 00
0x000000076b984378:   41 00 00 f8 04 00 00 00 65 00 6e 00 75 00 6d 00
0x000000076b984388:   01 00 00 00 00 00 00 00 da 02 00 f8 74 08 73 ed
0x000000076b984398:   00 00 00 00 00 00 00 00 01 00 00 00 00 00 00 00 


Register to memory mapping:

RAX=0x000000001f65d7e0 is an unknown value
RBX=0x0000000000000009 is an unknown value
RCX=0x0000000002c109f8 is an unknown value
RDX=0x0000000002ce2a68 is a global jni handle
RSP=0x0000000027d0e148 is pointing into the stack for thread: 0x000000001f601000
RBP=0x00000000000003e8 is an unknown value
RSI=0x0000000000000009 is an unknown value
RDI=0x000000001f5f8830 is an unknown value
R8 =0x0000000000000000 is an unknown value
R9 =0x0000000000000009 is an unknown value
R10=0x0000000002c10a50 is an unknown value
R11=0x000000005699bc50 is an unknown value
R12=0x0000000000000000 is an unknown value
R13={method} {0x000000001c26cbd8} 'nativeReadBuf' '(JI)I' in 'ch/aplu/jaw/NativeHandler'
R14=0x0000000027d0e258 is pointing into the stack for thread: 0x000000001f601000
R15=0x000000001f601000 is a thread


Stack: [0x0000000027c10000,0x0000000027d10000],  sp=0x0000000027d0e148,  free space=1016k
Native frames: (J=compiled Java code, j=interpreted, Vv=VM code, C=native code)
C  0x000000076b984388

Java frames: (J=compiled Java code, j=interpreted, Vv=VM code)
j  ch.aplu.jaw.NativeHandler.nativeReadBuf(JI)I+0
j  ch.aplu.jaw.NativeHandler.readBuf(I)I+33
j  ch.aplu.xboxcontroller.XboxController.readData()Lch/aplu/xboxcontroller/ControllerState;+15
j  ch.aplu.xboxcontroller.XboxController.access$000(Lch/aplu/xboxcontroller/XboxController;)Lch/aplu/xboxcontroller/ControllerState;+1
j  ch.aplu.xboxcontroller.XboxController$1.actionPerformed(Ljava/awt/event/ActionEvent;)V+4
j  javax.swing.Timer.fireActionPerformed(Ljava/awt/event/ActionEvent;)V+34
j  javax.swing.Timer$DoPostEvent.run()V+74
J 992 C1 java.awt.event.InvocationEvent.dispatch()V (69 bytes) @ 0x000000000303ed14 [0x000000000303eb00+0x214]
J 1014 C1 java.awt.EventQueue.dispatchEventImpl(Ljava/awt/AWTEvent;Ljava/lang/Object;)V (149 bytes) @ 0x000000000304fe84 [0x000000000304e380+0x1b04]
J 1012 C1 java.awt.EventQueue$3.run()Ljava/lang/Void; (60 bytes) @ 0x00000000030474dc [0x00000000030472c0+0x21c]
J 1011 C1 java.awt.EventQueue$3.run()Ljava/lang/Object; (5 bytes) @ 0x0000000003046f4c [0x0000000003046ec0+0x8c]
v  ~StubRoutines::call_stub
J 689  java.security.AccessController.doPrivileged(Ljava/security/PrivilegedAction;Ljava/security/AccessControlContext;)Ljava/lang/Object; (0 bytes) @ 0x0000000002f9bb66 [0x0000000002f9bb00+0x66]
J 963 C1 java.awt.EventQueue.dispatchEvent(Ljava/awt/AWTEvent;)V (80 bytes) @ 0x000000000303092c [0x000000000302ff80+0x9ac]
J 1016 C1 java.awt.EventDispatchThread.pumpOneEventForFilters(I)V (295 bytes) @ 0x000000000304abcc [0x0000000003049040+0x1b8c]
j  java.awt.EventDispatchThread.pumpEventsForFilter(ILjava/awt/Conditional;Ljava/awt/EventFilter;)V+35
j  java.awt.EventDispatchThread.pumpEventsForHierarchy(ILjava/awt/Conditional;Ljava/awt/Component;)V+11
j  java.awt.EventDispatchThread.pumpEvents(ILjava/awt/Conditional;)V+4
j  java.awt.EventDispatchThread.pumpEvents(Ljava/awt/Conditional;)V+3
j  java.awt.EventDispatchThread.run()V+9
v  ~StubRoutines::call_stub

---------------  P R O C E S S  ---------------

Java Threads: ( => current thread )
  0x000000001f605800 JavaThread "D3D Screen Updater" daemon [_thread_blocked, id=6540, stack(0x0000000028610000,0x0000000028710000)]
  0x000000001f605000 JavaThread "DestroyJavaVM" [_thread_blocked, id=3516, stack(0x0000000002b10000,0x0000000002c10000)]
  0x000000001f604000 JavaThread "TimerQueue" daemon [_thread_blocked, id=16192, stack(0x0000000028510000,0x0000000028610000)]
=>0x000000001f601000 JavaThread "AWT-EventQueue-0" [_thread_in_native, id=11400, stack(0x0000000027c10000,0x0000000027d10000)]
  0x000000001f600800 JavaThread "Thread-1" [_thread_in_native, id=16236, stack(0x0000000020280000,0x0000000020380000)]
  0x000000001f607000 JavaThread "AWT-Windows" daemon [_thread_in_native, id=17180, stack(0x000000001ffe0000,0x00000000200e0000)]
  0x000000001f602000 JavaThread "AWT-Shutdown" [_thread_blocked, id=8944, stack(0x000000001fee0000,0x000000001ffe0000)]
  0x000000001f5ff800 JavaThread "Java2D Disposer" daemon [_thread_blocked, id=22284, stack(0x000000001fde0000,0x000000001fee0000)]
  0x000000001e737800 JavaThread "Service Thread" daemon [_thread_blocked, id=21876, stack(0x000000001f280000,0x000000001f380000)]
  0x000000001c7bc800 JavaThread "C1 CompilerThread3" daemon [_thread_blocked, id=17524, stack(0x000000001f180000,0x000000001f280000)]
  0x000000001e6a3000 JavaThread "C2 CompilerThread2" daemon [_thread_blocked, id=19892, stack(0x000000001f080000,0x000000001f180000)]
  0x000000001e6a0000 JavaThread "C2 CompilerThread1" daemon [_thread_blocked, id=21476, stack(0x000000001ef80000,0x000000001f080000)]
  0x000000001e69c800 JavaThread "C2 CompilerThread0" daemon [_thread_blocked, id=8988, stack(0x000000001ee80000,0x000000001ef80000)]
  0x000000001e69c000 JavaThread "Attach Listener" daemon [_thread_blocked, id=21776, stack(0x000000001ed80000,0x000000001ee80000)]
  0x000000001e6a5800 JavaThread "Signal Dispatcher" daemon [_thread_blocked, id=836, stack(0x000000001ec80000,0x000000001ed80000)]
  0x0000000002d0e000 JavaThread "Finalizer" daemon [_thread_blocked, id=18268, stack(0x000000001ea70000,0x000000001eb70000)]
  0x000000001c7ad800 JavaThread "Reference Handler" daemon [_thread_blocked, id=8640, stack(0x000000001e570000,0x000000001e670000)]

Other Threads:
  0x000000001c7a9000 VMThread [stack: 0x000000001e470000,0x000000001e570000] [id=19364]
  0x000000001e752800 WatcherThread [stack: 0x000000001f380000,0x000000001f480000] [id=11644]

VM state:not at safepoint (normal execution)

VM Mutex/Monitor currently owned by a thread: None

Heap:
 PSYoungGen      total 76288K, used 50427K [0x000000076af80000, 0x0000000770480000, 0x00000007c0000000)
  eden space 65536K, 76% used [0x000000076af80000,0x000000076e0becb8,0x000000076ef80000)
  from space 10752K, 0% used [0x000000076fa00000,0x000000076fa00000,0x0000000770480000)
  to   space 10752K, 0% used [0x000000076ef80000,0x000000076ef80000,0x000000076fa00000)
 ParOldGen       total 175104K, used 0K [0x00000006c0e00000, 0x00000006cb900000, 0x000000076af80000)
  object space 175104K, 0% used [0x00000006c0e00000,0x00000006c0e00000,0x00000006cb900000)
 Metaspace       used 14230K, capacity 14546K, committed 14848K, reserved 1062912K
  class space    used 1848K, capacity 1943K, committed 2048K, reserved 1048576K

Card table byte_map: [0x00000000120d0000,0x00000000128d0000] byte_map_base: 0x000000000eac9000

Marking Bits: (ParMarkBitMap*) 0x0000000056f8d850
 Begin Bits: [0x0000000013630000, 0x00000000175f8000)
 End Bits:   [0x00000000175f8000, 0x000000001b5c0000)

Polling page: 0x00000000029b0000

CodeCache: size=245760Kb used=3874Kb max_used=3874Kb free=241885Kb
 bounds [0x0000000002d10000, 0x00000000030e0000, 0x0000000011d10000]
 total_blobs=1723 nmethods=1190 adapters=445
 compilation: enabled

Compilation events (10 events):
Event: 7.168 Thread 0x000000001c7bc800 1186       3       java.util.concurrent.locks.LockSupport::park (23 bytes)
Event: 7.169 Thread 0x000000001c7bc800 nmethod 1186 0x00000000030d92d0 code [0x00000000030d9440, 0x00000000030d9788]
Event: 7.970 Thread 0x000000001c7bc800 1187       3       java.util.concurrent.atomic.AtomicBoolean::compareAndSet (35 bytes)
Event: 7.971 Thread 0x000000001c7bc800 nmethod 1187 0x00000000030d9890 code [0x00000000030d99e0, 0x00000000030d9c10]
Event: 8.121 Thread 0x000000001c7bc800 1188       3       java.util.concurrent.atomic.AtomicBoolean::set (14 bytes)
Event: 8.121 Thread 0x000000001c7bc800 nmethod 1188 0x00000000030d9c90 code [0x00000000030d9de0, 0x00000000030d9f90]
Event: 8.171 Thread 0x000000001c7bc800 1189       3       java.util.concurrent.locks.AbstractQueuedSynchronizer::transferAfterCancelledWait (34 bytes)
Event: 8.172 Thread 0x000000001c7bc800 nmethod 1189 0x00000000030da010 code [0x00000000030da1c0, 0x00000000030da818]
Event: 8.172 Thread 0x000000001c7bc800 1190       3       java.util.concurrent.atomic.AtomicBoolean::get (13 bytes)
Event: 8.172 Thread 0x000000001c7bc800 nmethod 1190 0x00000000030daa90 code [0x00000000030dabe0, 0x00000000030dad90]

GC Heap History (0 events):
No events

Deoptimization events (9 events):
Event: 0.273 Thread 0x0000000002c10800 Uncommon trap: reason=null_check action=make_not_entrant pc=0x0000000002e8051c method=java.lang.String.equals(Ljava/lang/Object;)Z @ 8
Event: 0.421 Thread 0x0000000002c10800 Uncommon trap: reason=class_check action=maybe_recompile pc=0x0000000002e9e3d8 method=java.lang.String.equals(Ljava/lang/Object;)Z @ 8
Event: 0.421 Thread 0x0000000002c10800 Uncommon trap: reason=class_check action=maybe_recompile pc=0x0000000002e9e3d8 method=java.lang.String.equals(Ljava/lang/Object;)Z @ 8
Event: 0.422 Thread 0x0000000002c10800 Uncommon trap: reason=class_check action=maybe_recompile pc=0x0000000002e9e3d8 method=java.lang.String.equals(Ljava/lang/Object;)Z @ 8
Event: 0.422 Thread 0x0000000002c10800 Uncommon trap: reason=class_check action=maybe_recompile pc=0x0000000002e9e3d8 method=java.lang.String.equals(Ljava/lang/Object;)Z @ 8
Event: 6.014 Thread 0x000000001f601000 Uncommon trap: reason=unstable_if action=reinterpret pc=0x000000000308439c method=orthostereogram.Stereogram.resetImg(Z)V @ 19
Event: 6.041 Thread 0x000000001f601000 Uncommon trap: reason=unstable_if action=reinterpret pc=0x0000000003090658 method=orthostereogram.Anaglyph.createStereoscopicCombinedImage(Ljava/awt/image/BufferedImage;Ljava/awt/image/BufferedImage;Ljava/awt/image/BufferedImage;I)V @ 334
Event: 6.123 Thread 0x000000001f601000 Uncommon trap: reason=unstable_if action=reinterpret pc=0x0000000003075a78 method=java.awt.image.DirectColorModel.getDataElements(ILjava/lang/Object;)Ljava/lang/Object; @ 11
Event: 6.142 Thread 0x000000001f601000 Uncommon trap: reason=unstable_if action=reinterpret pc=0x00000000030a6f3c method=java.awt.image.SinglePixelPackedSampleModel.getDataElements(IILjava/lang/Object;Ljava/awt/image/DataBuffer;)Ljava/lang/Object; @ 163

Internal exceptions (10 events):
Event: 0.051 Thread 0x0000000002c10800 Exception <a 'java/security/PrivilegedActionException'> (0x000000076b016788) thrown at [C:\re\workspace\8-2-build-windows-amd64-cygwin\jdk8u144\9417\hotspot\src\share\vm\prims\jvm.cpp, line 1390]
Event: 0.051 Thread 0x0000000002c10800 Exception <a 'java/security/PrivilegedActionException'> (0x000000076b016998) thrown at [C:\re\workspace\8-2-build-windows-amd64-cygwin\jdk8u144\9417\hotspot\src\share\vm\prims\jvm.cpp, line 1390]
Event: 0.051 Thread 0x0000000002c10800 Exception <a 'java/security/PrivilegedActionException'> (0x000000076b01a8a8) thrown at [C:\re\workspace\8-2-build-windows-amd64-cygwin\jdk8u144\9417\hotspot\src\share\vm\prims\jvm.cpp, line 1390]
Event: 0.051 Thread 0x0000000002c10800 Exception <a 'java/security/PrivilegedActionException'> (0x000000076b01aab8) thrown at [C:\re\workspace\8-2-build-windows-amd64-cygwin\jdk8u144\9417\hotspot\src\share\vm\prims\jvm.cpp, line 1390]
Event: 0.053 Thread 0x0000000002c10800 Exception <a 'java/io/FileNotFoundException'> (0x000000076b01d878) thrown at [C:\re\workspace\8-2-build-windows-amd64-cygwin\jdk8u144\9417\hotspot\src\share\vm\prims\jni.cpp, line 709]
Event: 0.071 Thread 0x0000000002c10800 Exception <a 'java/lang/NoSuchFieldError': method resolution failed> (0x000000076b232d10) thrown at [C:\re\workspace\8-2-build-windows-amd64-cygwin\jdk8u144\9417\hotspot\src\share\vm\prims\methodHandles.cpp, line 1146]
Event: 0.071 Thread 0x0000000002c10800 Exception <a 'java/lang/NoSuchFieldError': method resolution failed> (0x000000076b2400e0) thrown at [C:\re\workspace\8-2-build-windows-amd64-cygwin\jdk8u144\9417\hotspot\src\share\vm\prims\methodHandles.cpp, line 1146]
Event: 0.094 Thread 0x0000000002c10800 Exception <a 'java/io/FileNotFoundException'> (0x000000076b2d3760) thrown at [C:\re\workspace\8-2-build-windows-amd64-cygwin\jdk8u144\9417\hotspot\src\share\vm\prims\jni.cpp, line 709]
Event: 0.273 Thread 0x0000000002c10800 Implicit null exception at 0x0000000002e80326 to 0x0000000002e8050d
Event: 6.142 Thread 0x000000001f601000 Implicit null exception at 0x00000000030a6b31 to 0x00000000030a6f1d

Events (10 events):
Event: 6.123 Thread 0x000000001f601000 DEOPT UNPACKING pc=0x0000000002d5582a sp=0x0000000027d0c180 mode 2
Event: 6.142 Thread 0x000000001f601000 Uncommon trap: trap_request=0xffffff65 fr.pc=0x00000000030a6f3c
Event: 6.142 Thread 0x000000001f601000 DEOPT PACKING pc=0x00000000030a6f3c sp=0x0000000027d0c1f0
Event: 6.142 Thread 0x000000001f601000 DEOPT UNPACKING pc=0x0000000002d5582a sp=0x0000000027d0c120 mode 2
Event: 6.165 Executing VM operation: RevokeBias
Event: 6.165 Executing VM operation: RevokeBias done
Event: 6.167 loading class sun/java2d/loops/Blit$GeneralMaskBlit
Event: 6.167 loading class sun/java2d/loops/Blit$GeneralMaskBlit done
Event: 6.167 loading class sun/java2d/loops/MaskBlit$General
Event: 6.167 loading class sun/java2d/loops/MaskBlit$General done


Dynamic libraries:
0x00007ff6c9bf0000 - 0x00007ff6c9c27000 	C:\Program Files\Java\jdk1.8.0_144\bin\java.exe
0x00007fffc5fc0000 - 0x00007fffc619b000 	C:\WINDOWS\SYSTEM32\ntdll.dll
0x00007fffc4bb0000 - 0x00007fffc4c5e000 	C:\WINDOWS\System32\KERNEL32.DLL
0x00007fffc3100000 - 0x00007fffc3349000 	C:\WINDOWS\System32\KERNELBASE.dll
0x00007fffc5bf0000 - 0x00007fffc5c91000 	C:\WINDOWS\System32\ADVAPI32.dll
0x00007fffc3560000 - 0x00007fffc35fd000 	C:\WINDOWS\System32\msvcrt.dll
0x00007fffc3500000 - 0x00007fffc3559000 	C:\WINDOWS\System32\sechost.dll
0x00007fffc59f0000 - 0x00007fffc5b15000 	C:\WINDOWS\System32\RPCRT4.dll
0x00007fffc58a0000 - 0x00007fffc59ea000 	C:\WINDOWS\System32\USER32.dll
0x00007fffc24c0000 - 0x00007fffc24de000 	C:\WINDOWS\System32\win32u.dll
0x00007fffc5410000 - 0x00007fffc5437000 	C:\WINDOWS\System32\GDI32.dll
0x00007fffc25b0000 - 0x00007fffc2738000 	C:\WINDOWS\System32\gdi32full.dll
0x00007fffc2740000 - 0x00007fffc27da000 	C:\WINDOWS\System32\msvcp_win.dll
0x00007fffc3350000 - 0x00007fffc3446000 	C:\WINDOWS\System32\ucrtbase.dll
0x00007fffb85f0000 - 0x00007fffb8857000 	C:\WINDOWS\WinSxS\amd64_microsoft.windows.common-controls_6595b64144ccf1df_6.0.15063.483_none_26002d27e7c744a2\COMCTL32.dll
0x00007fffc4f00000 - 0x00007fffc51f9000 	C:\WINDOWS\System32\combase.dll
0x00007fffc2540000 - 0x00007fffc25aa000 	C:\WINDOWS\System32\bcryptPrimitives.dll
0x00007fffc5200000 - 0x00007fffc522d000 	C:\WINDOWS\System32\IMM32.DLL
0x0000000057410000 - 0x00000000574e2000 	C:\Program Files\Java\jdk1.8.0_144\jre\bin\msvcr100.dll
0x0000000056770000 - 0x000000005700d000 	C:\Program Files\Java\jdk1.8.0_144\jre\bin\server\jvm.dll
0x00007fffc5b20000 - 0x00007fffc5b28000 	C:\WINDOWS\System32\PSAPI.DLL
0x00007fffb6260000 - 0x00007fffb6269000 	C:\WINDOWS\SYSTEM32\WSOCK32.dll
0x00007fffc08d0000 - 0x00007fffc08f3000 	C:\WINDOWS\SYSTEM32\WINMM.dll
0x00007fffc5230000 - 0x00007fffc529c000 	C:\WINDOWS\System32\WS2_32.dll
0x00007fffbe260000 - 0x00007fffbe26a000 	C:\WINDOWS\SYSTEM32\VERSION.dll
0x00007fffc0870000 - 0x00007fffc089b000 	C:\WINDOWS\SYSTEM32\WINMMBASE.dll
0x00007fffc27e0000 - 0x00007fffc2829000 	C:\WINDOWS\System32\cfgmgr32.dll
0x00000000573c0000 - 0x00000000573cf000 	C:\Program Files\Java\jdk1.8.0_144\jre\bin\verify.dll
0x0000000057390000 - 0x00000000573b9000 	C:\Program Files\Java\jdk1.8.0_144\jre\bin\java.dll
0x0000000057370000 - 0x0000000057386000 	C:\Program Files\Java\jdk1.8.0_144\jre\bin\zip.dll
0x00007fffc3770000 - 0x00007fffc4ba6000 	C:\WINDOWS\System32\SHELL32.dll
0x00007fffc4e50000 - 0x00007fffc4efa000 	C:\WINDOWS\System32\shcore.dll
0x00007fffc2830000 - 0x00007fffc2f23000 	C:\WINDOWS\System32\windows.storage.dll
0x00007fffc5cc0000 - 0x00007fffc5d11000 	C:\WINDOWS\System32\shlwapi.dll
0x00007fffc24a0000 - 0x00007fffc24b1000 	C:\WINDOWS\System32\kernel.appcore.dll
0x00007fffc2430000 - 0x00007fffc247c000 	C:\WINDOWS\System32\powrprof.dll
0x00007fffc2410000 - 0x00007fffc2425000 	C:\WINDOWS\System32\profapi.dll
0x00000000565d0000 - 0x0000000056768000 	C:\Program Files\Java\jdk1.8.0_144\jre\bin\awt.dll
0x00007fffc5b30000 - 0x00007fffc5bf0000 	C:\WINDOWS\System32\OLEAUT32.dll
0x00007fffc0ac0000 - 0x00007fffc0b3e000 	C:\WINDOWS\SYSTEM32\apphelp.dll
0x00007fffc0d10000 - 0x00007fffc0da5000 	C:\WINDOWS\system32\uxtheme.dll
0x00007fffc52a0000 - 0x00007fffc5406000 	C:\WINDOWS\System32\MSCTF.dll
0x00007fffbf4f0000 - 0x00007fffbf51a000 	C:\WINDOWS\system32\dwmapi.dll
0x00007fffc4c60000 - 0x00007fffc4da5000 	C:\WINDOWS\System32\ole32.dll
0x00007fffa1c00000 - 0x00007fffa1c11000 	C:\Windows\System32\xboxcontroller64.dll
0x0000000059160000 - 0x00000000591f8000 	C:\WINDOWS\SYSTEM32\MSVCP100.dll
0x00007fffbfde0000 - 0x00007fffbfde7000 	C:\WINDOWS\SYSTEM32\XINPUT9_1_0.dll
0x00007fffba7f0000 - 0x00007fffba7fe000 	C:\WINDOWS\SYSTEM32\XInput1_4.dll
0x00007fffc1010000 - 0x00007fffc1038000 	C:\WINDOWS\SYSTEM32\DEVOBJ.dll
0x00007fff85cf0000 - 0x00007fff85e11000 	C:\WINDOWS\system32\opengl32.dll
0x00007fffa6110000 - 0x00007fffa613c000 	C:\WINDOWS\SYSTEM32\GLU32.dll
0x00007fff820b0000 - 0x00007fff82239000 	C:\WINDOWS\system32\d3d9.dll
0x00007fffbd790000 - 0x00007fffbd86f000 	C:\WINDOWS\System32\DriverStore\FileRepository\nv_ref_pubwu.inf_amd64_f9309145156afb40\nvldumdx.dll
0x00007fffc2f30000 - 0x00007fffc30f9000 	C:\WINDOWS\System32\crypt32.dll
0x00007fffc2480000 - 0x00007fffc2491000 	C:\WINDOWS\System32\MSASN1.dll
0x00007fffc24e0000 - 0x00007fffc2536000 	C:\WINDOWS\System32\WINTRUST.DLL
0x00007fffc5880000 - 0x00007fffc589d000 	C:\WINDOWS\System32\imagehlp.dll
0x00007fffc1e60000 - 0x00007fffc1e77000 	C:\WINDOWS\SYSTEM32\CRYPTSP.dll
0x00007fffc18e0000 - 0x00007fffc1914000 	C:\WINDOWS\system32\rsaenh.dll
0x00007fffc1fd0000 - 0x00007fffc1ff5000 	C:\WINDOWS\SYSTEM32\bcrypt.dll
0x00007fffc1e80000 - 0x00007fffc1e8b000 	C:\WINDOWS\SYSTEM32\CRYPTBASE.dll
0x00007fff7f3a0000 - 0x00007fff803b5000 	C:\WINDOWS\System32\DriverStore\FileRepository\nv_ref_pubwu.inf_amd64_f9309145156afb40\nvd3dumx.dll
0x00007fffb7940000 - 0x00007fffb7b11000 	C:\WINDOWS\system32\nvspcap64.dll
0x00007fffc5440000 - 0x00007fffc587b000 	C:\WINDOWS\System32\SETUPAPI.dll
0x00007fffbf150000 - 0x00007fffbf163000 	C:\WINDOWS\SYSTEM32\WTSAPI32.dll
0x00007fffb7860000 - 0x00007fffb7937000 	C:\WINDOWS\SYSTEM32\WINHTTP.dll
0x00007fffbb770000 - 0x00007fffbbb91000 	C:\WINDOWS\system32\nvapi64.dll
0x00007fffc1360000 - 0x00007fffc1404000 	C:\WINDOWS\SYSTEM32\dxgi.dll
0x00007fffbc350000 - 0x00007fffbc439000 	C:\Program Files (x86)\NVIDIA Corporation\3D Vision\nvSCPAPI64.dll
0x0000000056580000 - 0x00000000565c7000 	C:\Program Files\Java\jdk1.8.0_144\jre\bin\fontmanager.dll
0x0000000057350000 - 0x000000005736a000 	C:\Program Files\Java\jdk1.8.0_144\jre\bin\net.dll
0x00007fffc1cc0000 - 0x00007fffc1d1c000 	C:\WINDOWS\system32\mswsock.dll
0x0000000057330000 - 0x0000000057341000 	C:\Program Files\Java\jdk1.8.0_144\jre\bin\nio.dll
0x0000000056530000 - 0x0000000056572000 	C:\Program Files\Java\jdk1.8.0_144\jre\bin\t2k.dll
0x00007fffc4db0000 - 0x00007fffc4e4e000 	C:\WINDOWS\System32\clbcatq.dll
0x00007fffbe8b0000 - 0x00007fffbea5c000 	C:\WINDOWS\SYSTEM32\WindowsCodecs.dll
0x00007fffa42f0000 - 0x00007fffa4337000 	C:\WINDOWS\system32\dataexchange.dll
0x00007fffbf9c0000 - 0x00007fffbfc9f000 	C:\WINDOWS\system32\d3d11.dll
0x00007fffc0480000 - 0x00007fffc05a2000 	C:\WINDOWS\system32\dcomp.dll
0x00007fffc0ea0000 - 0x00007fffc1010000 	C:\WINDOWS\system32\twinapi.appcore.dll
0x00007fffbfd00000 - 0x00007fffbfd82000 	C:\WINDOWS\System32\TextInputFramework.dll
0x00007fffbe4d0000 - 0x00007fffbe7a2000 	C:\WINDOWS\System32\CoreUIComponents.dll
0x00007fffc0250000 - 0x00007fffc0333000 	C:\WINDOWS\System32\CoreMessaging.dll
0x00007fffc1620000 - 0x00007fffc1651000 	C:\WINDOWS\SYSTEM32\ntmarta.dll
0x00007fffbeae0000 - 0x00007fffbec19000 	C:\WINDOWS\SYSTEM32\wintypes.dll
0x00007fffbf4d0000 - 0x00007fffbf4e5000 	C:\WINDOWS\SYSTEM32\usermgrcli.dll
0x00007fffb5a90000 - 0x00007fffb5c39000 	C:\WINDOWS\SYSTEM32\dbghelp.dll

VM Arguments:
jvm_args: -Dfile.encoding=UTF-8 
java_command: orthostereogram.OrthoStereogram
java_class_path (initial): D:\Users\Fred\Documents\NetBeansProjects\Librairies\EasyOgg\easyogg.jar;D:\Users\Fred\Documents\NetBeansProjects\Librairies\EasyOgg\jogg-0.0.7.jar;D:\Users\Fred\Documents\NetBeansProjects\Librairies\EasyOgg\jorbis-0.0.15.jar;D:\Users\Fred\Documents\NetBeansProjects\Librairies\Xbox\XboxController.jar;D:\Users\Fred\Documents\NetBeansProjects\Librairies\Xbox\jaw.jar;D:\Users\Fred\Documents\NetBeansProjects\orthoStereogram\build\classes
Launcher Type: SUN_STANDARD

Environment Variables:
PATH=C:\ProgramData\Oracle\Java\javapath;C:\Program Files (x86)\Intel\iCLS Client\;C:\Program Files\Intel\iCLS Client\;C:\Windows\system32;C:\Windows;C:\Windows\System32\Wbem;C:\Windows\System32\WindowsPowerShell\v1.0\;C:\Program Files (x86)\Intel\Intel(R) Management Engine Components\DAL;C:\Program Files\Intel\Intel(R) Management Engine Components\DAL;C:\Program Files (x86)\Intel\Intel(R) Management Engine Components\IPT;C:\Program Files\Intel\Intel(R) Management Engine Components\IPT;C:\Program Files (x86)\NVIDIA Corporation\PhysX\Common;C:\Program Files (x86)\MiKTeX 2.9\miktex\bin\;C:\Program Files (x86)\Skype\Phone\;C:\WINDOWS\system32;C:\WINDOWS;C:\WINDOWS\System32\Wbem;C:\WINDOWS\System32\WindowsPowerShell\v1.0\;C:\Program Files (x86)\Druide\Antidote 8\Programmes64\;C:\Program Files (x86)\Druide\Antidote 8\Programmes32\;C:\Program Files (x86)\LyX 2.2\Perl\bin;C:\Program Files (x86)\Calibre2\;C:\Users\Fred\AppData\Local\Microsoft\WindowsApps;
USERNAME=Fred
OS=Windows_NT
PROCESSOR_IDENTIFIER=Intel64 Family 6 Model 94 Stepping 3, GenuineIntel



---------------  S Y S T E M  ---------------

OS: Windows 10.0 , 64 bit Build 15063 (10.0.15063.296)

CPU:total 8 (initial active 8) (4 cores per cpu, 2 threads per core) family 6 model 94 stepping 3, cmov, cx8, fxsr, mmx, sse, sse2, sse3, ssse3, sse4.1, sse4.2, popcnt, avx, avx2, aes, clmul, erms, rtm, 3dnowpref, lzcnt, ht, tsc, tscinvbit, bmi1, bmi2, adx

Memory: 4k page, physical 16714408k(12601696k free), swap 33491624k(26651716k free)

vm_info: Java HotSpot(TM) 64-Bit Server VM (25.144-b01) for windows-amd64 JRE (1.8.0_144-b01), built on Jul 21 2017 21:57:33 by "java_re" with MS VC++ 10.0 (VS2010)

time: Sun Oct 08 18:59:07 2017
elapsed time: 8 seconds (0d 0h 0m 8s)

