#
# A fatal error has been detected by the Java Runtime Environment:
#
#  EXCEPTION_ACCESS_VIOLATION (0xc0000005) at pc=0x00007ff85e4b6006, pid=12344, tid=0x00000000000031f0
#
# JRE version: Java(TM) SE Runtime Environment (8.0_144-b01) (build 1.8.0_144-b01)
# Java VM: Java HotSpot(TM) 64-Bit Server VM (25.144-b01 mixed mode windows-amd64 compressed oops)
# Problematic frame:
# C  [xboxcontroller64.dll+0x6006]
#
# Failed to write core dump. Minidumps are not enabled by default on client versions of Windows
#
# If you would like to submit a bug report, please visit:
#   http://bugreport.java.com/bugreport/crash.jsp
# The crash happened outside the Java Virtual Machine in native code.
# See problematic frame for where to report the bug.
#

---------------  T H R E A D  ---------------

Current thread (0x0000000021cb7800):  JavaThread "AWT-EventQueue-0" [_thread_in_native, id=12784, stack(0x000000002af10000,0x000000002b010000)]

siginfo: ExceptionCode=0xc0000005, reading address 0x0000000000000690

Registers:
RAX=0x0000000021bef3f0, RBX=0x0000000000000009, RCX=0x0000000004e309f8, RDX=0x0000000004ed8e50
RSP=0x000000002b00dd20, RBP=0x00000000000003e8, RSI=0x0000000000000009, RDI=0x0000000021bfbcf0
R8 =0x0000000000000000, R9 =0x0000000000000009, R10=0x0000000000000000, R11=0x000000006cc6bc50
R12=0x0000000000000000, R13=0x000000001e5b19a0, R14=0x000000002b00de28, R15=0x0000000021cb7800
RIP=0x00007ff85e4b6006, EFLAGS=0x0000000000010246

Top of Stack: (sp=0x000000002b00dd20)
0x000000002b00dd20:   0000000004f37da0 0000000004f48909
0x000000002b00dd30:   0000000000000000 0000000021cb7800
0x000000002b00dd40:   0000000021bef3f0 0000000003b5c86a
0x000000002b00dd50:   0000000004f37da0 0000000004f48a77
0x000000002b00dd60:   000000002b00ddf0 000000001e5b19a0
0x000000002b00dd70:   0000000003b5c86a 0000000004f4865d
0x000000002b00dd80:   0000000021cb7800 000000001e5b19a0
0x000000002b00dd90:   0000000003b5c86a 0000000021cb7800
0x000000002b00dda0:   0000000000000001 000000076b4bf9c0
0x000000002b00ddb0:   000000002b00dda0 000000001e5b19a0
0x000000002b00ddc0:   000000002b00de28 000000001e5b52c8
0x000000002b00ddd0:   0000000000000000 000000001e5b19a0
0x000000002b00dde0:   0000000000000000 000000002b00de10
0x000000002b00ddf0:   000000002b00de70 0000000004f37da0
0x000000002b00de00:   0000000000000000 0000000004f419d6
0x000000002b00de10:   0000000000000009 0000000021bf43b0 

Instructions: (pc=0x00007ff85e4b6006)
0x00007ff85e4b5fe6:   48 63 57 68 48 8b 47 30 3b de 48 8d 14 50 0f 4c
0x00007ff85e4b5ff6:   f3 45 33 c0 48 89 54 24 20 48 8b 57 10 44 8b ce
0x00007ff85e4b6006:   41 ff 92 90 06 00 00 01 77 68 8b 47 68 3b 47 5c
0x00007ff85e4b6016:   75 05 33 c0 89 47 68 29 77 6c 8b c6 48 8b 6c 24 


Register to memory mapping:

RAX=0x0000000021bef3f0 is an unknown value
RBX=0x0000000000000009 is an unknown value
RCX=0x0000000004e309f8 is an unknown value
RDX=0x0000000004ed8e50 is a global jni handle
RSP=0x000000002b00dd20 is pointing into the stack for thread: 0x0000000021cb7800
RBP=0x00000000000003e8 is an unknown value
RSI=0x0000000000000009 is an unknown value
RDI=0x0000000021bfbcf0 is an unknown value
R8 =0x0000000000000000 is an unknown value
R9 =0x0000000000000009 is an unknown value
R10=0x0000000000000000 is an unknown value
R11=0x000000006cc6bc50 is an unknown value
R12=0x0000000000000000 is an unknown value
R13={method} {0x000000001e5b19a8} 'nativeReadBuf' '(JI)I' in 'ch/aplu/jaw/NativeHandler'
R14=0x000000002b00de28 is pointing into the stack for thread: 0x0000000021cb7800
R15=0x0000000021cb7800 is a thread


Stack: [0x000000002af10000,0x000000002b010000],  sp=0x000000002b00dd20,  free space=1015k
Native frames: (J=compiled Java code, j=interpreted, Vv=VM code, C=native code)
C  [xboxcontroller64.dll+0x6006]
C  0x0000000004f48a77

Java frames: (J=compiled Java code, j=interpreted, Vv=VM code)
j  ch.aplu.jaw.NativeHandler.nativeReadBuf(JI)I+0
j  ch.aplu.jaw.NativeHandler.readBuf(I)I+33
j  ch.aplu.xboxcontroller.XboxController.readData()Lch/aplu/xboxcontroller/ControllerState;+15
j  ch.aplu.xboxcontroller.XboxController.access$000(Lch/aplu/xboxcontroller/XboxController;)Lch/aplu/xboxcontroller/ControllerState;+1
j  ch.aplu.xboxcontroller.XboxController$1.actionPerformed(Ljava/awt/event/ActionEvent;)V+4
j  javax.swing.Timer.fireActionPerformed(Ljava/awt/event/ActionEvent;)V+34
j  javax.swing.Timer$DoPostEvent.run()V+74
j  java.awt.event.InvocationEvent.dispatch()V+47
j  java.awt.EventQueue.dispatchEventImpl(Ljava/awt/AWTEvent;Ljava/lang/Object;)V+21
j  java.awt.EventQueue.access$500(Ljava/awt/EventQueue;Ljava/awt/AWTEvent;Ljava/lang/Object;)V+3
j  java.awt.EventQueue$3.run()Ljava/lang/Void;+32
j  java.awt.EventQueue$3.run()Ljava/lang/Object;+1
v  ~StubRoutines::call_stub
J 704  java.security.AccessController.doPrivileged(Ljava/security/PrivilegedAction;Ljava/security/AccessControlContext;)Ljava/lang/Object; (0 bytes) @ 0x00000000051c7de6 [0x00000000051c7d80+0x66]
j  java.security.ProtectionDomain$JavaSecurityAccessImpl.doIntersectionPrivilege(Ljava/security/PrivilegedAction;Ljava/security/AccessControlContext;Ljava/security/AccessControlContext;)Ljava/lang/Object;+18
j  java.awt.EventQueue.dispatchEvent(Ljava/awt/AWTEvent;)V+46
j  java.awt.EventDispatchThread.pumpOneEventForFilters(I)V+245
j  java.awt.EventDispatchThread.pumpEventsForFilter(ILjava/awt/Conditional;Ljava/awt/EventFilter;)V+35
j  java.awt.EventDispatchThread.pumpEventsForHierarchy(ILjava/awt/Conditional;Ljava/awt/Component;)V+11
j  java.awt.EventDispatchThread.pumpEvents(ILjava/awt/Conditional;)V+4
j  java.awt.EventDispatchThread.pumpEvents(Ljava/awt/Conditional;)V+3
j  java.awt.EventDispatchThread.run()V+9
v  ~StubRoutines::call_stub

---------------  P R O C E S S  ---------------

Java Threads: ( => current thread )
  0x0000000021e5b000 JavaThread "D3D Screen Updater" daemon [_thread_blocked, id=5808, stack(0x000000002bc40000,0x000000002bd40000)]
  0x0000000021e57800 JavaThread "DestroyJavaVM" [_thread_blocked, id=11136, stack(0x0000000004cf0000,0x0000000004df0000)]
  0x0000000021e5c000 JavaThread "TimerQueue" daemon [_thread_blocked, id=15432, stack(0x000000002bb40000,0x000000002bc40000)]
  0x0000000021dd2800 JavaThread "Abandoned connection cleanup thread" daemon [_thread_blocked, id=18216, stack(0x000000002b840000,0x000000002b940000)]
  0x0000000021df1800 JavaThread "Image Fetcher 0" daemon [_thread_blocked, id=5116, stack(0x000000002b740000,0x000000002b840000)]
=>0x0000000021cb7800 JavaThread "AWT-EventQueue-0" [_thread_in_native, id=12784, stack(0x000000002af10000,0x000000002b010000)]
  0x0000000021bef000 JavaThread "Thread-1" [_thread_in_native, id=9700, stack(0x0000000022810000,0x0000000022910000)]
  0x0000000021ba0000 JavaThread "AWT-Windows" daemon [_thread_in_native, id=17516, stack(0x0000000022540000,0x0000000022640000)]
  0x0000000021b9b000 JavaThread "AWT-Shutdown" [_thread_blocked, id=10464, stack(0x0000000022440000,0x0000000022540000)]
  0x0000000021b9a000 JavaThread "Java2D Disposer" daemon [_thread_blocked, id=692, stack(0x0000000022340000,0x0000000022440000)]
  0x00000000209ea000 JavaThread "Service Thread" daemon [_thread_blocked, id=9684, stack(0x0000000021540000,0x0000000021640000)]
  0x0000000020959000 JavaThread "C1 CompilerThread3" daemon [_thread_blocked, id=11424, stack(0x0000000021440000,0x0000000021540000)]
  0x0000000020955000 JavaThread "C2 CompilerThread2" daemon [_thread_blocked, id=12068, stack(0x0000000021340000,0x0000000021440000)]
  0x0000000020952000 JavaThread "C2 CompilerThread1" daemon [_thread_blocked, id=13508, stack(0x0000000021240000,0x0000000021340000)]
  0x000000002094e800 JavaThread "C2 CompilerThread0" daemon [_thread_blocked, id=2236, stack(0x0000000021140000,0x0000000021240000)]
  0x000000002094d000 JavaThread "Attach Listener" daemon [_thread_blocked, id=9652, stack(0x0000000021040000,0x0000000021140000)]
  0x000000002094b800 JavaThread "Signal Dispatcher" daemon [_thread_blocked, id=1964, stack(0x0000000020f40000,0x0000000021040000)]
  0x0000000004f2e000 JavaThread "Finalizer" daemon [_thread_blocked, id=11540, stack(0x0000000020d20000,0x0000000020e20000)]
  0x000000001ea1d800 JavaThread "Reference Handler" daemon [_thread_blocked, id=15160, stack(0x0000000020820000,0x0000000020920000)]

Other Threads:
  0x000000001ea19000 VMThread [stack: 0x0000000020720000,0x0000000020820000] [id=6508]
  0x000000001ea2e800 WatcherThread [stack: 0x0000000021640000,0x0000000021740000] [id=12896]

VM state:not at safepoint (normal execution)

VM Mutex/Monitor currently owned by a thread: None

Heap:
 PSYoungGen      total 76288K, used 25000K [0x000000076af80000, 0x0000000770480000, 0x00000007c0000000)
  eden space 65536K, 38% used [0x000000076af80000,0x000000076c7ea200,0x000000076ef80000)
  from space 10752K, 0% used [0x000000076fa00000,0x000000076fa00000,0x0000000770480000)
  to   space 10752K, 0% used [0x000000076ef80000,0x000000076ef80000,0x000000076fa00000)
 ParOldGen       total 175104K, used 0K [0x00000006c0e00000, 0x00000006cb900000, 0x000000076af80000)
  object space 175104K, 0% used [0x00000006c0e00000,0x00000006c0e00000,0x00000006cb900000)
 Metaspace       used 17116K, capacity 17394K, committed 17664K, reserved 1064960K
  class space    used 2133K, capacity 2231K, committed 2304K, reserved 1048576K

Card table byte_map: [0x00000000142f0000,0x0000000014af0000] byte_map_base: 0x0000000010ce9000

Marking Bits: (ParMarkBitMap*) 0x000000006d25d850
 Begin Bits: [0x0000000015850000, 0x0000000019818000)
 End Bits:   [0x0000000019818000, 0x000000001d7e0000)

Polling page: 0x0000000003500000

CodeCache: size=245760Kb used=3656Kb max_used=3656Kb free=242103Kb
 bounds [0x0000000004f30000, 0x00000000052d0000, 0x0000000013f30000]
 total_blobs=1734 nmethods=1142 adapters=504
 compilation: enabled

Compilation events (10 events):
Event: 1.761 Thread 0x0000000020959000 1136       1       javax.swing.Timer::getLock (5 bytes)
Event: 1.761 Thread 0x0000000020959000 nmethod 1136 0x00000000052b49d0 code [0x00000000052b4b20, 0x00000000052b4c30]
Event: 1.813 Thread 0x0000000020959000 1137       3       java.util.concurrent.locks.ReentrantLock$Sync::nonfairTryAcquire (67 bytes)
Event: 1.814 Thread 0x0000000020959000 nmethod 1137 0x00000000052c0250 code [0x00000000052c03e0, 0x00000000052c0b28]
Event: 1.814 Thread 0x0000000020959000 1138       3       java.util.concurrent.locks.AbstractQueuedSynchronizer$Node::predecessor (19 bytes)
Event: 1.814 Thread 0x0000000020959000 nmethod 1138 0x00000000052c0cd0 code [0x00000000052c0e40, 0x00000000052c1088]
Event: 1.863 Thread 0x0000000020959000 1139   !   3       java.util.concurrent.locks.AbstractQueuedSynchronizer::acquireQueued (93 bytes)
Event: 1.865 Thread 0x0000000020959000 nmethod 1139 0x00000000052c1150 code [0x00000000052c1380, 0x00000000052c1eb8]
Event: 1.963 Thread 0x0000000020959000 1140       3       java.awt.AWTEvent::<init> (81 bytes)
Event: 1.963 Thread 0x0000000020959000 nmethod 1140 0x00000000052c2550 code [0x00000000052c2700, 0x00000000052c2d48]

GC Heap History (0 events):
No events

Deoptimization events (10 events):
Event: 0.449 Thread 0x0000000021da4000 Uncommon trap: reason=bimorphic action=maybe_recompile pc=0x0000000005124bc0 method=java.util.HashMap.getNode(ILjava/lang/Object;)Ljava/util/HashMap$Node; @ 126
Event: 0.474 Thread 0x0000000004e30800 Uncommon trap: reason=class_check action=maybe_recompile pc=0x00000000051ef570 method=java.util.HashMap.putVal(ILjava/lang/Object;Ljava/lang/Object;ZZ)Ljava/lang/Object; @ 253
Event: 0.474 Thread 0x0000000004e30800 Uncommon trap: reason=class_check action=maybe_recompile pc=0x00000000051ef570 method=java.util.HashMap.putVal(ILjava/lang/Object;Ljava/lang/Object;ZZ)Ljava/lang/Object; @ 253
Event: 0.474 Thread 0x0000000004e30800 Uncommon trap: reason=class_check action=maybe_recompile pc=0x00000000051ef570 method=java.util.HashMap.putVal(ILjava/lang/Object;Ljava/lang/Object;ZZ)Ljava/lang/Object; @ 253
Event: 0.475 Thread 0x0000000004e30800 Uncommon trap: reason=class_check action=maybe_recompile pc=0x00000000050d9050 method=java.lang.String.equals(Ljava/lang/Object;)Z @ 8
Event: 0.475 Thread 0x0000000004e30800 Uncommon trap: reason=class_check action=maybe_recompile pc=0x00000000050d9050 method=java.lang.String.equals(Ljava/lang/Object;)Z @ 8
Event: 0.475 Thread 0x0000000004e30800 Uncommon trap: reason=class_check action=maybe_recompile pc=0x00000000050d9050 method=java.lang.String.equals(Ljava/lang/Object;)Z @ 8
Event: 0.476 Thread 0x0000000004e30800 Uncommon trap: reason=class_check action=maybe_recompile pc=0x00000000050d9050 method=java.lang.String.equals(Ljava/lang/Object;)Z @ 8
Event: 0.508 Thread 0x0000000021da4000 Uncommon trap: reason=class_check action=maybe_recompile pc=0x00000000051ef5c4 method=java.util.HashMap.putVal(ILjava/lang/Object;Ljava/lang/Object;ZZ)Ljava/lang/Object; @ 203
Event: 0.645 Thread 0x0000000021da4000 Uncommon trap: reason=unstable_if action=reinterpret pc=0x00000000052039c8 method=java.lang.String.indexOf([CII[CIII)I @ 3

Internal exceptions (10 events):
Event: 0.047 Thread 0x0000000004e30800 Exception <a 'java/security/PrivilegedActionException'> (0x000000076aff9820) thrown at [C:\re\workspace\8-2-build-windows-amd64-cygwin\jdk8u144\9417\hotspot\src\share\vm\prims\jvm.cpp, line 1390]
Event: 0.053 Thread 0x0000000004e30800 Exception <a 'java/security/PrivilegedActionException'> (0x000000076b0228c8) thrown at [C:\re\workspace\8-2-build-windows-amd64-cygwin\jdk8u144\9417\hotspot\src\share\vm\prims\jvm.cpp, line 1390]
Event: 0.053 Thread 0x0000000004e30800 Exception <a 'java/security/PrivilegedActionException'> (0x000000076b022ad8) thrown at [C:\re\workspace\8-2-build-windows-amd64-cygwin\jdk8u144\9417\hotspot\src\share\vm\prims\jvm.cpp, line 1390]
Event: 0.054 Thread 0x0000000004e30800 Exception <a 'java/security/PrivilegedActionException'> (0x000000076b0269e8) thrown at [C:\re\workspace\8-2-build-windows-amd64-cygwin\jdk8u144\9417\hotspot\src\share\vm\prims\jvm.cpp, line 1390]
Event: 0.054 Thread 0x0000000004e30800 Exception <a 'java/security/PrivilegedActionException'> (0x000000076b026bf8) thrown at [C:\re\workspace\8-2-build-windows-amd64-cygwin\jdk8u144\9417\hotspot\src\share\vm\prims\jvm.cpp, line 1390]
Event: 0.056 Thread 0x0000000004e30800 Exception <a 'java/io/FileNotFoundException'> (0x000000076b029818) thrown at [C:\re\workspace\8-2-build-windows-amd64-cygwin\jdk8u144\9417\hotspot\src\share\vm\prims\jni.cpp, line 709]
Event: 0.075 Thread 0x0000000004e30800 Exception <a 'java/lang/NoSuchFieldError': method resolution failed> (0x000000076b23ed70) thrown at [C:\re\workspace\8-2-build-windows-amd64-cygwin\jdk8u144\9417\hotspot\src\share\vm\prims\methodHandles.cpp, line 1146]
Event: 0.076 Thread 0x0000000004e30800 Exception <a 'java/lang/NoSuchFieldError': method resolution failed> (0x000000076b24c140) thrown at [C:\re\workspace\8-2-build-windows-amd64-cygwin\jdk8u144\9417\hotspot\src\share\vm\prims\methodHandles.cpp, line 1146]
Event: 0.100 Thread 0x0000000004e30800 Exception <a 'java/io/FileNotFoundException'> (0x000000076b2df7c0) thrown at [C:\re\workspace\8-2-build-windows-amd64-cygwin\jdk8u144\9417\hotspot\src\share\vm\prims\jni.cpp, line 709]
Event: 0.311 Thread 0x0000000004e30800 Implicit null exception at 0x000000000509cd1b to 0x000000000509cf05

Events (10 events):
Event: 1.188 loading class javax/swing/JLayer done
Event: 1.188 loading class javax/swing/RepaintManager$3
Event: 1.188 loading class javax/swing/RepaintManager$3 done
Event: 1.193 loading class java/net/URLDecoder
Event: 1.193 loading class java/net/URLDecoder done
Event: 1.193 loading class java/net/URLEncoder
Event: 1.193 loading class java/net/URLEncoder done
Event: 1.636 loading class com/mysql/jdbc/ProfilerEventHandlerFactory
Event: 1.636 loading class com/mysql/jdbc/ProfilerEventHandlerFactory done
Event: 1.636 Thread 0x0000000021da4000 Thread exited: 0x0000000021da4000


Dynamic libraries:
0x00007ff7234c0000 - 0x00007ff7234f7000 	C:\Program Files\Java\jdk1.8.0_144\bin\java.exe
0x00007ff865f40000 - 0x00007ff866120000 	C:\WINDOWS\SYSTEM32\ntdll.dll
0x00007ff865e60000 - 0x00007ff865f0e000 	C:\WINDOWS\System32\KERNEL32.DLL
0x00007ff862a50000 - 0x00007ff862cb6000 	C:\WINDOWS\System32\KERNELBASE.dll
0x00007ff863410000 - 0x00007ff8634b1000 	C:\WINDOWS\System32\ADVAPI32.dll
0x00007ff8634c0000 - 0x00007ff86355d000 	C:\WINDOWS\System32\msvcrt.dll
0x00007ff863610000 - 0x00007ff86366b000 	C:\WINDOWS\System32\sechost.dll
0x00007ff864600000 - 0x00007ff86471f000 	C:\WINDOWS\System32\RPCRT4.dll
0x00007ff865c00000 - 0x00007ff865d8f000 	C:\WINDOWS\System32\USER32.dll
0x00007ff862570000 - 0x00007ff862590000 	C:\WINDOWS\System32\win32u.dll
0x00007ff865bd0000 - 0x00007ff865bf8000 	C:\WINDOWS\System32\GDI32.dll
0x00007ff8628b0000 - 0x00007ff862a44000 	C:\WINDOWS\System32\gdi32full.dll
0x00007ff862810000 - 0x00007ff8628ab000 	C:\WINDOWS\System32\msvcp_win.dll
0x00007ff8623a0000 - 0x00007ff862496000 	C:\WINDOWS\System32\ucrtbase.dll
0x00007ff854590000 - 0x00007ff8547f9000 	C:\WINDOWS\WinSxS\amd64_microsoft.windows.common-controls_6595b64144ccf1df_6.0.16299.64_none_cc9304e22215ca8f\COMCTL32.dll
0x00007ff8642e0000 - 0x00007ff8645e8000 	C:\WINDOWS\System32\combase.dll
0x00007ff8624f0000 - 0x00007ff862562000 	C:\WINDOWS\System32\bcryptPrimitives.dll
0x00007ff864140000 - 0x00007ff86416d000 	C:\WINDOWS\System32\IMM32.DLL
0x000000006c960000 - 0x000000006ca32000 	C:\Program Files\Java\jdk1.8.0_144\jre\bin\msvcr100.dll
0x000000006ca40000 - 0x000000006d2dd000 	C:\Program Files\Java\jdk1.8.0_144\jre\bin\server\jvm.dll
0x00007ff8645f0000 - 0x00007ff8645f8000 	C:\WINDOWS\System32\PSAPI.DLL
0x00007ff85a9a0000 - 0x00007ff85a9a9000 	C:\WINDOWS\SYSTEM32\WSOCK32.dll
0x00007ff857d40000 - 0x00007ff857d63000 	C:\WINDOWS\SYSTEM32\WINMM.dll
0x00007ff85aa90000 - 0x00007ff85aa9a000 	C:\WINDOWS\SYSTEM32\VERSION.dll
0x00007ff865df0000 - 0x00007ff865e5c000 	C:\WINDOWS\System32\WS2_32.dll
0x00007ff857c80000 - 0x00007ff857caa000 	C:\WINDOWS\SYSTEM32\winmmbase.dll
0x00007ff8624a0000 - 0x00007ff8624ea000 	C:\WINDOWS\System32\cfgmgr32.dll
0x000000006c910000 - 0x000000006c91f000 	C:\Program Files\Java\jdk1.8.0_144\jre\bin\verify.dll
0x000000006c8e0000 - 0x000000006c909000 	C:\Program Files\Java\jdk1.8.0_144\jre\bin\java.dll
0x000000006c8c0000 - 0x000000006c8d6000 	C:\Program Files\Java\jdk1.8.0_144\jre\bin\zip.dll
0x00007ff864720000 - 0x00007ff865b57000 	C:\WINDOWS\System32\SHELL32.dll
0x00007ff863560000 - 0x00007ff863606000 	C:\WINDOWS\System32\shcore.dll
0x00007ff862cc0000 - 0x00007ff863407000 	C:\WINDOWS\System32\windows.storage.dll
0x00007ff863980000 - 0x00007ff8639d1000 	C:\WINDOWS\System32\shlwapi.dll
0x00007ff862290000 - 0x00007ff8622a1000 	C:\WINDOWS\System32\kernel.appcore.dll
0x00007ff8622f0000 - 0x00007ff86233c000 	C:\WINDOWS\System32\powrprof.dll
0x00007ff8622b0000 - 0x00007ff8622cb000 	C:\WINDOWS\System32\profapi.dll
0x000000006aab0000 - 0x000000006ac48000 	C:\Program Files\Java\jdk1.8.0_144\jre\bin\awt.dll
0x00007ff863b00000 - 0x00007ff863bc5000 	C:\WINDOWS\System32\OLEAUT32.dll
0x00007ff860820000 - 0x00007ff8608a7000 	C:\WINDOWS\SYSTEM32\apphelp.dll
0x00007ff860a70000 - 0x00007ff860b05000 	C:\WINDOWS\system32\uxtheme.dll
0x00007ff864170000 - 0x00007ff8642d7000 	C:\WINDOWS\System32\MSCTF.dll
0x00007ff860b40000 - 0x00007ff860b6a000 	C:\WINDOWS\system32\dwmapi.dll
0x00007ff863670000 - 0x00007ff8637b9000 	C:\WINDOWS\System32\ole32.dll
0x000000006c8a0000 - 0x000000006c8ba000 	C:\Program Files\Java\jdk1.8.0_144\jre\bin\net.dll
0x00007ff861ac0000 - 0x00007ff861b26000 	C:\WINDOWS\system32\mswsock.dll
0x00007ff858b40000 - 0x00007ff858b56000 	C:\WINDOWS\system32\napinsp.dll
0x00007ff858880000 - 0x00007ff85889a000 	C:\WINDOWS\system32\pnrpnsp.dll
0x00007ff85ddb0000 - 0x00007ff85ddc8000 	C:\WINDOWS\system32\NLAapi.dll
0x00007ff8618a0000 - 0x00007ff861956000 	C:\WINDOWS\SYSTEM32\DNSAPI.dll
0x00007ff8639e0000 - 0x00007ff8639e8000 	C:\WINDOWS\System32\NSI.dll
0x00007ff861850000 - 0x00007ff861889000 	C:\WINDOWS\SYSTEM32\IPHLPAPI.DLL
0x00007ff8580a0000 - 0x00007ff8580ae000 	C:\WINDOWS\System32\winrnr.dll
0x000000006e270000 - 0x000000006e296000 	C:\Program Files\Bonjour\mdnsNSP.dll
0x00007ff85ba20000 - 0x00007ff85ba2a000 	C:\Windows\System32\rasadhlp.dll
0x00007ff85bbf0000 - 0x00007ff85bc60000 	C:\WINDOWS\System32\fwpuclnt.dll
0x00007ff861df0000 - 0x00007ff861e15000 	C:\WINDOWS\SYSTEM32\bcrypt.dll
0x00007ff85bb70000 - 0x00007ff85bb86000 	C:\WINDOWS\SYSTEM32\dhcpcsvc6.DLL
0x00007ff85bb50000 - 0x00007ff85bb6a000 	C:\WINDOWS\SYSTEM32\dhcpcsvc.DLL
0x00007ff85e4b0000 - 0x00007ff85e4c1000 	C:\Windows\System32\xboxcontroller64.dll
0x000000006e380000 - 0x000000006e418000 	C:\WINDOWS\SYSTEM32\MSVCP100.dll
0x00007ff85f2f0000 - 0x00007ff85f2f7000 	C:\WINDOWS\SYSTEM32\XINPUT9_1_0.dll
0x00007ff85f2d0000 - 0x00007ff85f2e0000 	C:\WINDOWS\SYSTEM32\XInput1_4.dll
0x00007ff8620a0000 - 0x00007ff8620c7000 	C:\WINDOWS\SYSTEM32\DEVOBJ.dll
0x00007ff84f0d0000 - 0x00007ff84f0fe000 	C:\WINDOWS\SYSTEM32\inputhost.dll
0x00007ff850590000 - 0x00007ff85087e000 	C:\WINDOWS\SYSTEM32\CoreUIComponents.dll
0x00007ff860170000 - 0x00007ff86024d000 	C:\WINDOWS\SYSTEM32\CoreMessaging.dll
0x00007ff8613d0000 - 0x00007ff861401000 	C:\WINDOWS\SYSTEM32\ntmarta.dll
0x00007ff85e600000 - 0x00007ff85e736000 	C:\WINDOWS\SYSTEM32\wintypes.dll
0x00007ff8458f0000 - 0x00007ff845a0e000 	C:\WINDOWS\system32\opengl32.dll
0x00007ff85d4f0000 - 0x00007ff85d51c000 	C:\WINDOWS\SYSTEM32\GLU32.dll
0x00007ff845750000 - 0x00007ff8458e5000 	C:\WINDOWS\system32\d3d9.dll
0x00007ff83f4a0000 - 0x00007ff83f58a000 	C:\WINDOWS\System32\DriverStore\FileRepository\nv_ref_pubwu.inf_amd64_2e7fa54192fe16d0\nvldumdx.dll
0x00007ff862640000 - 0x00007ff86280e000 	C:\WINDOWS\System32\crypt32.dll
0x00007ff8622d0000 - 0x00007ff8622e2000 	C:\WINDOWS\System32\MSASN1.dll
0x00007ff862340000 - 0x00007ff862398000 	C:\WINDOWS\System32\WINTRUST.DLL
0x00007ff8637c0000 - 0x00007ff8637dd000 	C:\WINDOWS\System32\imagehlp.dll
0x00007ff861ce0000 - 0x00007ff861cf7000 	C:\WINDOWS\SYSTEM32\CRYPTSP.dll
0x00007ff8616d0000 - 0x00007ff861703000 	C:\WINDOWS\system32\rsaenh.dll
0x00007ff861d00000 - 0x00007ff861d0b000 	C:\WINDOWS\SYSTEM32\CRYPTBASE.dll
0x00007ff828d30000 - 0x00007ff829f06000 	C:\WINDOWS\System32\DriverStore\FileRepository\nv_ref_pubwu.inf_amd64_2e7fa54192fe16d0\nvd3dumx.dll
0x00007ff84d1c0000 - 0x00007ff84d391000 	C:\WINDOWS\system32\nvspcap64.dll
0x00007ff863c50000 - 0x00007ff86409e000 	C:\WINDOWS\System32\SETUPAPI.dll
0x00007ff85eb50000 - 0x00007ff85ec2e000 	C:\WINDOWS\SYSTEM32\WINHTTP.dll
0x00007ff85f270000 - 0x00007ff85f283000 	C:\WINDOWS\SYSTEM32\WTSAPI32.dll
0x00007ff82f0d0000 - 0x00007ff82f550000 	C:\WINDOWS\system32\nvapi64.dll
0x00007ff861100000 - 0x00007ff8611af000 	C:\WINDOWS\SYSTEM32\dxgi.dll
0x00007ff8443a0000 - 0x00007ff84448b000 	C:\Program Files (x86)\NVIDIA Corporation\3D Vision\nvSCPAPI64.dll
0x000000006c830000 - 0x000000006c877000 	C:\Program Files\Java\jdk1.8.0_144\jre\bin\fontmanager.dll
0x000000006c880000 - 0x000000006c891000 	C:\Program Files\Java\jdk1.8.0_144\jre\bin\nio.dll
0x000000006c7e0000 - 0x000000006c822000 	C:\Program Files\Java\jdk1.8.0_144\jre\bin\t2k.dll
0x00007ff8640a0000 - 0x00007ff86413e000 	C:\WINDOWS\System32\clbcatq.dll
0x00007ff850880000 - 0x00007ff850a2b000 	C:\WINDOWS\SYSTEM32\WindowsCodecs.dll
0x00007ff8489c0000 - 0x00007ff848a0f000 	C:\WINDOWS\system32\dataexchange.dll
0x00007ff85f8a0000 - 0x00007ff85fb82000 	C:\WINDOWS\system32\d3d11.dll
0x00007ff860250000 - 0x00007ff860392000 	C:\WINDOWS\system32\dcomp.dll
0x00007ff860c30000 - 0x00007ff860dab000 	C:\WINDOWS\system32\twinapi.appcore.dll
0x00007ff860db0000 - 0x00007ff860dd0000 	C:\WINDOWS\system32\RMCLIENT.dll
0x00007ff850a30000 - 0x00007ff850ac8000 	C:\WINDOWS\System32\TextInputFramework.dll
0x00007ff85dbe0000 - 0x00007ff85dda8000 	C:\WINDOWS\SYSTEM32\dbghelp.dll

VM Arguments:
jvm_args: -Dfile.encoding=UTF-8 
java_command: orthostereogram.OrthoStereogram
java_class_path (initial): D:\Users\Fred\Documents\NetBeansProjects\Librairies\EasyOgg\easyogg.jar;D:\Users\Fred\Documents\NetBeansProjects\Librairies\EasyOgg\jogg-0.0.7.jar;D:\Users\Fred\Documents\NetBeansProjects\Librairies\EasyOgg\jorbis-0.0.15.jar;D:\Users\Fred\Documents\NetBeansProjects\Librairies\Xbox\XboxController.jar;D:\Users\Fred\Documents\NetBeansProjects\Librairies\Xbox\jaw.jar;D:\Users\Fred\Documents\NetBeansProjects\Librairies\mysql-connector-java-5.1.38.tar\mysql-connector-java-5.1.38\mysql-connector-java-5.1.38-bin.jar;D:\Users\Fred\Documents\NetBeansProjects\orthoStereogram\build\classes
Launcher Type: SUN_STANDARD

Environment Variables:
PATH=C:\ProgramData\Oracle\Java\javapath;C:\Program Files (x86)\Intel\iCLS Client\;C:\Program Files\Intel\iCLS Client\;C:\Windows\system32;C:\Windows;C:\Windows\System32\Wbem;C:\Windows\System32\WindowsPowerShell\v1.0\;C:\Program Files (x86)\Intel\Intel(R) Management Engine Components\DAL;C:\Program Files\Intel\Intel(R) Management Engine Components\DAL;C:\Program Files (x86)\Intel\Intel(R) Management Engine Components\IPT;C:\Program Files\Intel\Intel(R) Management Engine Components\IPT;C:\Program Files (x86)\NVIDIA Corporation\PhysX\Common;C:\Program Files (x86)\MiKTeX 2.9\miktex\bin\;C:\Program Files (x86)\Skype\Phone\;C:\WINDOWS\system32;C:\WINDOWS;C:\WINDOWS\System32\Wbem;C:\WINDOWS\System32\WindowsPowerShell\v1.0\;C:\Program Files (x86)\Druide\Antidote 8\Programmes64\;C:\Program Files (x86)\Druide\Antidote 8\Programmes32\;C:\Program Files (x86)\LyX 2.2\Perl\bin;C:\Program Files (x86)\Calibre2\;C:\Users\Fred\AppData\Local\Microsoft\WindowsApps;
USERNAME=Fred
OS=Windows_NT
PROCESSOR_IDENTIFIER=Intel64 Family 6 Model 94 Stepping 3, GenuineIntel



---------------  S Y S T E M  ---------------

OS: Windows 10.0 , 64 bit Build 16299 (10.0.16299.15)

CPU:total 8 (initial active 8) (4 cores per cpu, 2 threads per core) family 6 model 94 stepping 3, cmov, cx8, fxsr, mmx, sse, sse2, sse3, ssse3, sse4.1, sse4.2, popcnt, avx, avx2, aes, clmul, erms, rtm, 3dnowpref, lzcnt, ht, tsc, tscinvbit, bmi1, bmi2, adx

Memory: 4k page, physical 16714408k(12314180k free), swap 33491624k(27742424k free)

vm_info: Java HotSpot(TM) 64-Bit Server VM (25.144-b01) for windows-amd64 JRE (1.8.0_144-b01), built on Jul 21 2017 21:57:33 by "java_re" with MS VC++ 10.0 (VS2010)

time: Sat Nov 18 14:17:32 2017
elapsed time: 2 seconds (0d 0h 0m 2s)

