#
# A fatal error has been detected by the Java Runtime Environment:
#
#  EXCEPTION_ACCESS_VIOLATION (0xc0000005) at pc=0x000000076b984340, pid=22264, tid=0x00000000000049d8
#
# JRE version: Java(TM) SE Runtime Environment (8.0_144-b01) (build 1.8.0_144-b01)
# Java VM: Java HotSpot(TM) 64-Bit Server VM (25.144-b01 mixed mode windows-amd64 compressed oops)
# Problematic frame:
# C  0x000000076b984340
#
# Failed to write core dump. Minidumps are not enabled by default on client versions of Windows
#
# If you would like to submit a bug report, please visit:
#   http://bugreport.java.com/bugreport/crash.jsp
# The crash happened outside the Java Virtual Machine in native code.
# See problematic frame for where to report the bug.
#

---------------  T H R E A D  ---------------

Current thread (0x000000001f547800):  JavaThread "AWT-EventQueue-0" [_thread_in_native, id=18904, stack(0x0000000027ad0000,0x0000000027bd0000)]

siginfo: ExceptionCode=0xc0000005, ExceptionInformation=0x0000000000000008 0x000000076b984340

Registers:
RAX=0x000000001f5aabf0, RBX=0x0000000000000009, RCX=0x0000000002af09f8, RDX=0x000000001c5b4d68
RSP=0x0000000027bcdaa8, RBP=0x00000000000003e8, RSI=0x0000000000000009, RDI=0x000000001f55b150
R8 =0x0000000000000000, R9 =0x0000000000000009, R10=0x0000000002af0a50, R11=0x000000005699bc50
R12=0x0000000000000000, R13=0x000000001c19cbd0, R14=0x0000000027bcdbb8, R15=0x000000001f547800
RIP=0x000000076b984340, EFLAGS=0x0000000000010246

Top of Stack: (sp=0x0000000027bcdaa8)
0x0000000027bcdaa8:   00007fff990d600d 0000000002bf7da0
0x0000000027bcdab8:   0000000002c08909 0000000000000000
0x0000000027bcdac8:   000000001f547800 000000001f5aabf0
0x0000000027bcdad8:   0000000003b6fcbe 0000000002bf7da0
0x0000000027bcdae8:   0000000002c08a77 0000000027bcdb80
0x0000000027bcdaf8:   000000001c19cbd0 0000000003b6fcbe
0x0000000027bcdb08:   0000000002c0865d 000000001f547800
0x0000000027bcdb18:   000000001c19cbd0 0000000003b6fcbe
0x0000000027bcdb28:   000000001f547800 0000000000000001
0x0000000027bcdb38:   000000076b2f5a90 0000000027bcdb30
0x0000000027bcdb48:   000000001c19cbd0 0000000027bcdbb8
0x0000000027bcdb58:   000000001c1a04f8 0000000000000000
0x0000000027bcdb68:   000000001c19cbd0 0000000000000000
0x0000000027bcdb78:   0000000027bcdba0 0000000027bcdc00
0x0000000027bcdb88:   0000000002bf7da0 0000000000000000
0x0000000027bcdb98:   0000000002c019d6 0000000000000009 

Instructions: (pc=0x000000076b984340)
0x000000076b984320:   00 00 00 00 00 00 00 00 01 00 00 00 00 00 00 00
0x000000076b984330:   41 00 00 f8 04 00 00 00 65 00 6e 00 75 00 6d 00
0x000000076b984340:   01 00 00 00 00 00 00 00 da 02 00 f8 6b 08 73 ed
0x000000076b984350:   00 00 00 00 00 00 00 00 01 00 00 00 00 00 00 00 


Register to memory mapping:

RAX=0x000000001f5aabf0 is an unknown value
RBX=0x0000000000000009 is an unknown value
RCX=0x0000000002af09f8 is an unknown value
RDX=0x000000001c5b4d68 is a global jni handle
RSP=0x0000000027bcdaa8 is pointing into the stack for thread: 0x000000001f547800
RBP=0x00000000000003e8 is an unknown value
RSI=0x0000000000000009 is an unknown value
RDI=0x000000001f55b150 is an unknown value
R8 =0x0000000000000000 is an unknown value
R9 =0x0000000000000009 is an unknown value
R10=0x0000000002af0a50 is an unknown value
R11=0x000000005699bc50 is an unknown value
R12=0x0000000000000000 is an unknown value
R13={method} {0x000000001c19cbd8} 'nativeReadBuf' '(JI)I' in 'ch/aplu/jaw/NativeHandler'
R14=0x0000000027bcdbb8 is pointing into the stack for thread: 0x000000001f547800
R15=0x000000001f547800 is a thread


Stack: [0x0000000027ad0000,0x0000000027bd0000],  sp=0x0000000027bcdaa8,  free space=1014k
Native frames: (J=compiled Java code, j=interpreted, Vv=VM code, C=native code)
C  0x000000076b984340

Java frames: (J=compiled Java code, j=interpreted, Vv=VM code)
j  ch.aplu.jaw.NativeHandler.nativeReadBuf(JI)I+0
j  ch.aplu.jaw.NativeHandler.readBuf(I)I+33
j  ch.aplu.xboxcontroller.XboxController.readData()Lch/aplu/xboxcontroller/ControllerState;+15
j  ch.aplu.xboxcontroller.XboxController.access$000(Lch/aplu/xboxcontroller/XboxController;)Lch/aplu/xboxcontroller/ControllerState;+1
j  ch.aplu.xboxcontroller.XboxController$1.actionPerformed(Ljava/awt/event/ActionEvent;)V+4
j  javax.swing.Timer.fireActionPerformed(Ljava/awt/event/ActionEvent;)V+34
j  javax.swing.Timer$DoPostEvent.run()V+74
J 976 C1 java.awt.event.InvocationEvent.dispatch()V (69 bytes) @ 0x0000000002f16394 [0x0000000002f16180+0x214]
J 991 C1 java.awt.EventQueue.dispatchEventImpl(Ljava/awt/AWTEvent;Ljava/lang/Object;)V (149 bytes) @ 0x0000000002f21884 [0x0000000002f1fd80+0x1b04]
J 989 C1 java.awt.EventQueue$3.run()Ljava/lang/Void; (60 bytes) @ 0x0000000002f1f15c [0x0000000002f1ef40+0x21c]
J 988 C1 java.awt.EventQueue$3.run()Ljava/lang/Object; (5 bytes) @ 0x0000000002f1ebcc [0x0000000002f1eb40+0x8c]
v  ~StubRoutines::call_stub
J 686  java.security.AccessController.doPrivileged(Ljava/security/PrivilegedAction;Ljava/security/AccessControlContext;)Ljava/lang/Object; (0 bytes) @ 0x0000000002e714e6 [0x0000000002e71480+0x66]
J 938 C1 java.awt.EventQueue.dispatchEvent(Ljava/awt/AWTEvent;)V (80 bytes) @ 0x0000000002efc32c [0x0000000002efb980+0x9ac]
J 941 C1 java.awt.EventDispatchThread.pumpOneEventForFilters(I)V (295 bytes) @ 0x0000000002f0050c [0x0000000002efe980+0x1b8c]
j  java.awt.EventDispatchThread.pumpEventsForFilter(ILjava/awt/Conditional;Ljava/awt/EventFilter;)V+35
j  java.awt.EventDispatchThread.pumpEventsForHierarchy(ILjava/awt/Conditional;Ljava/awt/Component;)V+11
j  java.awt.EventDispatchThread.pumpEvents(ILjava/awt/Conditional;)V+4
j  java.awt.EventDispatchThread.pumpEvents(Ljava/awt/Conditional;)V+3
j  java.awt.EventDispatchThread.run()V+9
v  ~StubRoutines::call_stub

---------------  P R O C E S S  ---------------

Java Threads: ( => current thread )
  0x000000001f54a800 JavaThread "D3D Screen Updater" daemon [_thread_blocked, id=13368, stack(0x00000000285d0000,0x00000000286d0000)]
  0x000000001f548000 JavaThread "DestroyJavaVM" [_thread_blocked, id=19408, stack(0x00000000029f0000,0x0000000002af0000)]
  0x000000001f549800 JavaThread "TimerQueue" daemon [_thread_blocked, id=3588, stack(0x00000000284d0000,0x00000000285d0000)]
=>0x000000001f547800 JavaThread "AWT-EventQueue-0" [_thread_in_native, id=18904, stack(0x0000000027ad0000,0x0000000027bd0000)]
  0x000000001f54b000 JavaThread "Thread-1" [_thread_in_native, id=932, stack(0x0000000020120000,0x0000000020220000)]
  0x000000001f546800 JavaThread "AWT-Windows" daemon [_thread_in_native, id=7672, stack(0x000000001ff10000,0x0000000020010000)]
  0x000000001f54c000 JavaThread "AWT-Shutdown" [_thread_blocked, id=2268, stack(0x000000001fe10000,0x000000001ff10000)]
  0x000000001f546000 JavaThread "Java2D Disposer" daemon [_thread_blocked, id=12236, stack(0x000000001fd10000,0x000000001fe10000)]
  0x000000001e673000 JavaThread "Service Thread" daemon [_thread_blocked, id=14804, stack(0x000000001f1b0000,0x000000001f2b0000)]
  0x000000001e5d7800 JavaThread "C1 CompilerThread3" daemon [_thread_blocked, id=20908, stack(0x000000001f0b0000,0x000000001f1b0000)]
  0x000000001e5cf000 JavaThread "C2 CompilerThread2" daemon [_thread_blocked, id=6760, stack(0x000000001efb0000,0x000000001f0b0000)]
  0x000000001e5cc000 JavaThread "C2 CompilerThread1" daemon [_thread_blocked, id=13036, stack(0x000000001eeb0000,0x000000001efb0000)]
  0x000000001e5c8800 JavaThread "C2 CompilerThread0" daemon [_thread_blocked, id=14936, stack(0x000000001edb0000,0x000000001eeb0000)]
  0x000000001e5c8000 JavaThread "Attach Listener" daemon [_thread_blocked, id=22276, stack(0x000000001ecb0000,0x000000001edb0000)]
  0x000000001e5c7000 JavaThread "Signal Dispatcher" daemon [_thread_blocked, id=16008, stack(0x000000001ebb0000,0x000000001ecb0000)]
  0x0000000002be9000 JavaThread "Finalizer" daemon [_thread_blocked, id=13028, stack(0x000000001e9a0000,0x000000001eaa0000)]
  0x0000000002be6000 JavaThread "Reference Handler" daemon [_thread_blocked, id=20904, stack(0x000000001e4a0000,0x000000001e5a0000)]

Other Threads:
  0x000000001c6d9000 VMThread [stack: 0x000000001e3a0000,0x000000001e4a0000] [id=13176]
  0x000000001e685800 WatcherThread [stack: 0x000000001f2b0000,0x000000001f3b0000] [id=440]

VM state:not at safepoint (normal execution)

VM Mutex/Monitor currently owned by a thread: None

Heap:
 PSYoungGen      total 76288K, used 50426K [0x000000076af80000, 0x0000000770480000, 0x00000007c0000000)
  eden space 65536K, 76% used [0x000000076af80000,0x000000076e0bebb0,0x000000076ef80000)
  from space 10752K, 0% used [0x000000076fa00000,0x000000076fa00000,0x0000000770480000)
  to   space 10752K, 0% used [0x000000076ef80000,0x000000076ef80000,0x000000076fa00000)
 ParOldGen       total 175104K, used 0K [0x00000006c0e00000, 0x00000006cb900000, 0x000000076af80000)
  object space 175104K, 0% used [0x00000006c0e00000,0x00000006c0e00000,0x00000006cb900000)
 Metaspace       used 14223K, capacity 14482K, committed 14848K, reserved 1062912K
  class space    used 1848K, capacity 1943K, committed 2048K, reserved 1048576K

Card table byte_map: [0x0000000011fb0000,0x00000000127b0000] byte_map_base: 0x000000000e9a9000

Marking Bits: (ParMarkBitMap*) 0x0000000056f8d850
 Begin Bits: [0x0000000013510000, 0x00000000174d8000)
 End Bits:   [0x00000000174d8000, 0x000000001b4a0000)

Polling page: 0x0000000000d50000

CodeCache: size=245760Kb used=3810Kb max_used=3810Kb free=241949Kb
 bounds [0x0000000002bf0000, 0x0000000002fb0000, 0x0000000011bf0000]
 total_blobs=1714 nmethods=1181 adapters=445
 compilation: enabled

Compilation events (10 events):
Event: 8.105 Thread 0x000000001e5d7800 1177       3       java.util.concurrent.atomic.AtomicBoolean::set (14 bytes)
Event: 8.105 Thread 0x000000001e5d7800 nmethod 1177 0x0000000002fa6f10 code [0x0000000002fa7060, 0x0000000002fa7210]
Event: 8.205 Thread 0x000000001e5d7800 1178       3       java.util.concurrent.atomic.AtomicBoolean::get (13 bytes)
Event: 8.205 Thread 0x000000001e5d7800 nmethod 1178 0x0000000002fa7290 code [0x0000000002fa73e0, 0x0000000002fa7590]
Event: 8.305 Thread 0x000000001e5d7800 1180       3       java.util.concurrent.locks.AbstractQueuedSynchronizer$ConditionObject::await (98 bytes)
Event: 8.308 Thread 0x000000001e5d7800 nmethod 1180 0x0000000002fa7610 code [0x0000000002fa78c0, 0x0000000002fa8ac8]
Event: 8.308 Thread 0x000000001e5d7800 1179   !   3       sun.awt.AWTAutoShutdown::notifyThreadFree (74 bytes)
Event: 8.309 Thread 0x000000001e5d7800 nmethod 1179 0x0000000002fa92d0 code [0x0000000002fa9480, 0x0000000002fa9b88]
Event: 8.406 Thread 0x000000001e5d7800 1181       3       java.util.concurrent.locks.AbstractQueuedSynchronizer::transferAfterCancelledWait (34 bytes)
Event: 8.407 Thread 0x000000001e5d7800 nmethod 1181 0x0000000002fa9ed0 code [0x0000000002faa080, 0x0000000002faa6d8]

GC Heap History (0 events):
No events

Deoptimization events (9 events):
Event: 0.303 Thread 0x0000000002af0800 Uncommon trap: reason=null_check action=make_not_entrant pc=0x0000000002d5e21c method=java.lang.String.equals(Ljava/lang/Object;)Z @ 8
Event: 0.453 Thread 0x0000000002af0800 Uncommon trap: reason=class_check action=maybe_recompile pc=0x0000000002d81118 method=java.lang.String.equals(Ljava/lang/Object;)Z @ 8
Event: 0.453 Thread 0x0000000002af0800 Uncommon trap: reason=class_check action=maybe_recompile pc=0x0000000002d81118 method=java.lang.String.equals(Ljava/lang/Object;)Z @ 8
Event: 0.453 Thread 0x0000000002af0800 Uncommon trap: reason=class_check action=maybe_recompile pc=0x0000000002d81118 method=java.lang.String.equals(Ljava/lang/Object;)Z @ 8
Event: 0.454 Thread 0x0000000002af0800 Uncommon trap: reason=class_check action=maybe_recompile pc=0x0000000002d81118 method=java.lang.String.equals(Ljava/lang/Object;)Z @ 8
Event: 6.297 Thread 0x000000001f547800 Uncommon trap: reason=unstable_if action=reinterpret pc=0x0000000002f52adc method=orthostereogram.Stereogram.resetImg(Z)V @ 19
Event: 6.323 Thread 0x000000001f547800 Uncommon trap: reason=unstable_if action=reinterpret pc=0x0000000002f5ed98 method=orthostereogram.Anaglyph.createStereoscopicCombinedImage(Ljava/awt/image/BufferedImage;Ljava/awt/image/BufferedImage;Ljava/awt/image/BufferedImage;I)V @ 334
Event: 6.403 Thread 0x000000001f547800 Uncommon trap: reason=unstable_if action=reinterpret pc=0x0000000002f43538 method=java.awt.image.DirectColorModel.getDataElements(ILjava/lang/Object;)Ljava/lang/Object; @ 11
Event: 6.421 Thread 0x000000001f547800 Uncommon trap: reason=unstable_if action=reinterpret pc=0x0000000002f7877c method=java.awt.image.SinglePixelPackedSampleModel.getDataElements(IILjava/lang/Object;Ljava/awt/image/DataBuffer;)Ljava/lang/Object; @ 163

Internal exceptions (10 events):
Event: 0.049 Thread 0x0000000002af0800 Exception <a 'java/security/PrivilegedActionException'> (0x000000076b016788) thrown at [C:\re\workspace\8-2-build-windows-amd64-cygwin\jdk8u144\9417\hotspot\src\share\vm\prims\jvm.cpp, line 1390]
Event: 0.049 Thread 0x0000000002af0800 Exception <a 'java/security/PrivilegedActionException'> (0x000000076b016998) thrown at [C:\re\workspace\8-2-build-windows-amd64-cygwin\jdk8u144\9417\hotspot\src\share\vm\prims\jvm.cpp, line 1390]
Event: 0.049 Thread 0x0000000002af0800 Exception <a 'java/security/PrivilegedActionException'> (0x000000076b01a8a8) thrown at [C:\re\workspace\8-2-build-windows-amd64-cygwin\jdk8u144\9417\hotspot\src\share\vm\prims\jvm.cpp, line 1390]
Event: 0.049 Thread 0x0000000002af0800 Exception <a 'java/security/PrivilegedActionException'> (0x000000076b01aab8) thrown at [C:\re\workspace\8-2-build-windows-amd64-cygwin\jdk8u144\9417\hotspot\src\share\vm\prims\jvm.cpp, line 1390]
Event: 0.051 Thread 0x0000000002af0800 Exception <a 'java/io/FileNotFoundException'> (0x000000076b01d878) thrown at [C:\re\workspace\8-2-build-windows-amd64-cygwin\jdk8u144\9417\hotspot\src\share\vm\prims\jni.cpp, line 709]
Event: 0.069 Thread 0x0000000002af0800 Exception <a 'java/lang/NoSuchFieldError': method resolution failed> (0x000000076b232d10) thrown at [C:\re\workspace\8-2-build-windows-amd64-cygwin\jdk8u144\9417\hotspot\src\share\vm\prims\methodHandles.cpp, line 1146]
Event: 0.070 Thread 0x0000000002af0800 Exception <a 'java/lang/NoSuchFieldError': method resolution failed> (0x000000076b2400e0) thrown at [C:\re\workspace\8-2-build-windows-amd64-cygwin\jdk8u144\9417\hotspot\src\share\vm\prims\methodHandles.cpp, line 1146]
Event: 0.092 Thread 0x0000000002af0800 Exception <a 'java/io/FileNotFoundException'> (0x000000076b2d3760) thrown at [C:\re\workspace\8-2-build-windows-amd64-cygwin\jdk8u144\9417\hotspot\src\share\vm\prims\jni.cpp, line 709]
Event: 0.303 Thread 0x0000000002af0800 Implicit null exception at 0x0000000002d5e026 to 0x0000000002d5e20d
Event: 6.421 Thread 0x000000001f547800 Implicit null exception at 0x0000000002f78371 to 0x0000000002f7875d

Events (10 events):
Event: 6.403 Thread 0x000000001f547800 DEOPT UNPACKING pc=0x0000000002c3582a sp=0x0000000027bcbae0 mode 2
Event: 6.421 Thread 0x000000001f547800 Uncommon trap: trap_request=0xffffff65 fr.pc=0x0000000002f7877c
Event: 6.421 Thread 0x000000001f547800 DEOPT PACKING pc=0x0000000002f7877c sp=0x0000000027bcbb50
Event: 6.421 Thread 0x000000001f547800 DEOPT UNPACKING pc=0x0000000002c3582a sp=0x0000000027bcba80 mode 2
Event: 6.443 Executing VM operation: RevokeBias
Event: 6.443 Executing VM operation: RevokeBias done
Event: 6.445 loading class sun/java2d/loops/Blit$GeneralMaskBlit
Event: 6.445 loading class sun/java2d/loops/Blit$GeneralMaskBlit done
Event: 6.445 loading class sun/java2d/loops/MaskBlit$General
Event: 6.445 loading class sun/java2d/loops/MaskBlit$General done


Dynamic libraries:
0x00007ff6c9bf0000 - 0x00007ff6c9c27000 	C:\Program Files\Java\jdk1.8.0_144\bin\java.exe
0x00007fffc5fc0000 - 0x00007fffc619b000 	C:\WINDOWS\SYSTEM32\ntdll.dll
0x00007fffc4bb0000 - 0x00007fffc4c5e000 	C:\WINDOWS\System32\KERNEL32.DLL
0x00007fffc3100000 - 0x00007fffc3349000 	C:\WINDOWS\System32\KERNELBASE.dll
0x00007fffc5bf0000 - 0x00007fffc5c91000 	C:\WINDOWS\System32\ADVAPI32.dll
0x00007fffc3560000 - 0x00007fffc35fd000 	C:\WINDOWS\System32\msvcrt.dll
0x00007fffc3500000 - 0x00007fffc3559000 	C:\WINDOWS\System32\sechost.dll
0x00007fffc59f0000 - 0x00007fffc5b15000 	C:\WINDOWS\System32\RPCRT4.dll
0x00007fffc58a0000 - 0x00007fffc59ea000 	C:\WINDOWS\System32\USER32.dll
0x00007fffc24c0000 - 0x00007fffc24de000 	C:\WINDOWS\System32\win32u.dll
0x00007fffc5410000 - 0x00007fffc5437000 	C:\WINDOWS\System32\GDI32.dll
0x00007fffc25b0000 - 0x00007fffc2738000 	C:\WINDOWS\System32\gdi32full.dll
0x00007fffc2740000 - 0x00007fffc27da000 	C:\WINDOWS\System32\msvcp_win.dll
0x00007fffc3350000 - 0x00007fffc3446000 	C:\WINDOWS\System32\ucrtbase.dll
0x00007fffb85f0000 - 0x00007fffb8857000 	C:\WINDOWS\WinSxS\amd64_microsoft.windows.common-controls_6595b64144ccf1df_6.0.15063.483_none_26002d27e7c744a2\COMCTL32.dll
0x00007fffc4f00000 - 0x00007fffc51f9000 	C:\WINDOWS\System32\combase.dll
0x00007fffc2540000 - 0x00007fffc25aa000 	C:\WINDOWS\System32\bcryptPrimitives.dll
0x00007fffc5200000 - 0x00007fffc522d000 	C:\WINDOWS\System32\IMM32.DLL
0x0000000057410000 - 0x00000000574e2000 	C:\Program Files\Java\jdk1.8.0_144\jre\bin\msvcr100.dll
0x0000000056770000 - 0x000000005700d000 	C:\Program Files\Java\jdk1.8.0_144\jre\bin\server\jvm.dll
0x00007fffc5b20000 - 0x00007fffc5b28000 	C:\WINDOWS\System32\PSAPI.DLL
0x00007fffb6260000 - 0x00007fffb6269000 	C:\WINDOWS\SYSTEM32\WSOCK32.dll
0x00007fffbe260000 - 0x00007fffbe26a000 	C:\WINDOWS\SYSTEM32\VERSION.dll
0x00007fffc08d0000 - 0x00007fffc08f3000 	C:\WINDOWS\SYSTEM32\WINMM.dll
0x00007fffc5230000 - 0x00007fffc529c000 	C:\WINDOWS\System32\WS2_32.dll
0x00007fffc0870000 - 0x00007fffc089b000 	C:\WINDOWS\SYSTEM32\winmmbase.dll
0x00007fffc27e0000 - 0x00007fffc2829000 	C:\WINDOWS\System32\cfgmgr32.dll
0x00000000573c0000 - 0x00000000573cf000 	C:\Program Files\Java\jdk1.8.0_144\jre\bin\verify.dll
0x0000000057390000 - 0x00000000573b9000 	C:\Program Files\Java\jdk1.8.0_144\jre\bin\java.dll
0x0000000057370000 - 0x0000000057386000 	C:\Program Files\Java\jdk1.8.0_144\jre\bin\zip.dll
0x00007fffc3770000 - 0x00007fffc4ba6000 	C:\WINDOWS\System32\SHELL32.dll
0x00007fffc4e50000 - 0x00007fffc4efa000 	C:\WINDOWS\System32\shcore.dll
0x00007fffc2830000 - 0x00007fffc2f23000 	C:\WINDOWS\System32\windows.storage.dll
0x00007fffc5cc0000 - 0x00007fffc5d11000 	C:\WINDOWS\System32\shlwapi.dll
0x00007fffc24a0000 - 0x00007fffc24b1000 	C:\WINDOWS\System32\kernel.appcore.dll
0x00007fffc2430000 - 0x00007fffc247c000 	C:\WINDOWS\System32\powrprof.dll
0x00007fffc2410000 - 0x00007fffc2425000 	C:\WINDOWS\System32\profapi.dll
0x00000000565d0000 - 0x0000000056768000 	C:\Program Files\Java\jdk1.8.0_144\jre\bin\awt.dll
0x00007fffc5b30000 - 0x00007fffc5bf0000 	C:\WINDOWS\System32\OLEAUT32.dll
0x00007fffc0ac0000 - 0x00007fffc0b3e000 	C:\WINDOWS\SYSTEM32\apphelp.dll
0x00007fffc0d10000 - 0x00007fffc0da5000 	C:\WINDOWS\system32\uxtheme.dll
0x00007fffc52a0000 - 0x00007fffc5406000 	C:\WINDOWS\System32\MSCTF.dll
0x00007fffbf4f0000 - 0x00007fffbf51a000 	C:\WINDOWS\system32\dwmapi.dll
0x00007fffc4c60000 - 0x00007fffc4da5000 	C:\WINDOWS\System32\ole32.dll
0x00007fff990d0000 - 0x00007fff990e1000 	C:\Windows\System32\xboxcontroller64.dll
0x0000000059160000 - 0x00000000591f8000 	C:\WINDOWS\SYSTEM32\MSVCP100.dll
0x00007fffbfde0000 - 0x00007fffbfde7000 	C:\WINDOWS\SYSTEM32\XINPUT9_1_0.dll
0x00007fffba7f0000 - 0x00007fffba7fe000 	C:\WINDOWS\SYSTEM32\XInput1_4.dll
0x00007fffc1010000 - 0x00007fffc1038000 	C:\WINDOWS\SYSTEM32\DEVOBJ.dll
0x00007fff85cf0000 - 0x00007fff85e11000 	C:\WINDOWS\system32\opengl32.dll
0x00007fffa6110000 - 0x00007fffa613c000 	C:\WINDOWS\SYSTEM32\GLU32.dll
0x00007fff820b0000 - 0x00007fff82239000 	C:\WINDOWS\system32\d3d9.dll
0x00007fffbd790000 - 0x00007fffbd86f000 	C:\WINDOWS\System32\DriverStore\FileRepository\nv_ref_pubwu.inf_amd64_f9309145156afb40\nvldumdx.dll
0x00007fffc2f30000 - 0x00007fffc30f9000 	C:\WINDOWS\System32\crypt32.dll
0x00007fffc2480000 - 0x00007fffc2491000 	C:\WINDOWS\System32\MSASN1.dll
0x00007fffc24e0000 - 0x00007fffc2536000 	C:\WINDOWS\System32\WINTRUST.DLL
0x00007fffc5880000 - 0x00007fffc589d000 	C:\WINDOWS\System32\imagehlp.dll
0x00007fffc1e60000 - 0x00007fffc1e77000 	C:\WINDOWS\SYSTEM32\CRYPTSP.dll
0x00007fffc18e0000 - 0x00007fffc1914000 	C:\WINDOWS\system32\rsaenh.dll
0x00007fffc1fd0000 - 0x00007fffc1ff5000 	C:\WINDOWS\SYSTEM32\bcrypt.dll
0x00007fffc1e80000 - 0x00007fffc1e8b000 	C:\WINDOWS\SYSTEM32\CRYPTBASE.dll
0x00007fff7f3a0000 - 0x00007fff803b5000 	C:\WINDOWS\System32\DriverStore\FileRepository\nv_ref_pubwu.inf_amd64_f9309145156afb40\nvd3dumx.dll
0x00007fffb7940000 - 0x00007fffb7b11000 	C:\WINDOWS\system32\nvspcap64.dll
0x00007fffc5440000 - 0x00007fffc587b000 	C:\WINDOWS\System32\SETUPAPI.dll
0x00007fffbf150000 - 0x00007fffbf163000 	C:\WINDOWS\SYSTEM32\WTSAPI32.dll
0x00007fffb7860000 - 0x00007fffb7937000 	C:\WINDOWS\SYSTEM32\WINHTTP.dll
0x00007fffbb770000 - 0x00007fffbbb91000 	C:\WINDOWS\system32\nvapi64.dll
0x00007fffc1360000 - 0x00007fffc1404000 	C:\WINDOWS\SYSTEM32\dxgi.dll
0x00007fffbc350000 - 0x00007fffbc439000 	C:\Program Files (x86)\NVIDIA Corporation\3D Vision\nvSCPAPI64.dll
0x0000000056580000 - 0x00000000565c7000 	C:\Program Files\Java\jdk1.8.0_144\jre\bin\fontmanager.dll
0x0000000057350000 - 0x000000005736a000 	C:\Program Files\Java\jdk1.8.0_144\jre\bin\net.dll
0x00007fffc1cc0000 - 0x00007fffc1d1c000 	C:\WINDOWS\system32\mswsock.dll
0x0000000057330000 - 0x0000000057341000 	C:\Program Files\Java\jdk1.8.0_144\jre\bin\nio.dll
0x0000000056530000 - 0x0000000056572000 	C:\Program Files\Java\jdk1.8.0_144\jre\bin\t2k.dll
0x00007fffc4db0000 - 0x00007fffc4e4e000 	C:\WINDOWS\System32\clbcatq.dll
0x00007fffbe8b0000 - 0x00007fffbea5c000 	C:\WINDOWS\SYSTEM32\WindowsCodecs.dll
0x00007fffa42f0000 - 0x00007fffa4337000 	C:\WINDOWS\system32\dataexchange.dll
0x00007fffbf9c0000 - 0x00007fffbfc9f000 	C:\WINDOWS\system32\d3d11.dll
0x00007fffc0480000 - 0x00007fffc05a2000 	C:\WINDOWS\system32\dcomp.dll
0x00007fffc0ea0000 - 0x00007fffc1010000 	C:\WINDOWS\system32\twinapi.appcore.dll
0x00007fffbfd00000 - 0x00007fffbfd82000 	C:\WINDOWS\System32\TextInputFramework.dll
0x00007fffc0250000 - 0x00007fffc0333000 	C:\WINDOWS\System32\CoreMessaging.dll
0x00007fffbe4d0000 - 0x00007fffbe7a2000 	C:\WINDOWS\System32\CoreUIComponents.dll
0x00007fffc1620000 - 0x00007fffc1651000 	C:\WINDOWS\SYSTEM32\ntmarta.dll
0x00007fffbeae0000 - 0x00007fffbec19000 	C:\WINDOWS\SYSTEM32\wintypes.dll
0x00007fffbf4d0000 - 0x00007fffbf4e5000 	C:\WINDOWS\SYSTEM32\usermgrcli.dll
0x00007fffb5a90000 - 0x00007fffb5c39000 	C:\WINDOWS\SYSTEM32\dbghelp.dll

VM Arguments:
jvm_args: -Dfile.encoding=UTF-8 
java_command: orthostereogram.OrthoStereogram
java_class_path (initial): D:\Users\Fred\Documents\NetBeansProjects\Librairies\EasyOgg\easyogg.jar;D:\Users\Fred\Documents\NetBeansProjects\Librairies\EasyOgg\jogg-0.0.7.jar;D:\Users\Fred\Documents\NetBeansProjects\Librairies\EasyOgg\jorbis-0.0.15.jar;D:\Users\Fred\Documents\NetBeansProjects\Librairies\Xbox\XboxController.jar;D:\Users\Fred\Documents\NetBeansProjects\Librairies\Xbox\jaw.jar;D:\Users\Fred\Documents\NetBeansProjects\orthoStereogram\build\classes
Launcher Type: SUN_STANDARD

Environment Variables:
PATH=C:\ProgramData\Oracle\Java\javapath;C:\Program Files (x86)\Intel\iCLS Client\;C:\Program Files\Intel\iCLS Client\;C:\Windows\system32;C:\Windows;C:\Windows\System32\Wbem;C:\Windows\System32\WindowsPowerShell\v1.0\;C:\Program Files (x86)\Intel\Intel(R) Management Engine Components\DAL;C:\Program Files\Intel\Intel(R) Management Engine Components\DAL;C:\Program Files (x86)\Intel\Intel(R) Management Engine Components\IPT;C:\Program Files\Intel\Intel(R) Management Engine Components\IPT;C:\Program Files (x86)\NVIDIA Corporation\PhysX\Common;C:\Program Files (x86)\MiKTeX 2.9\miktex\bin\;C:\Program Files (x86)\Skype\Phone\;C:\WINDOWS\system32;C:\WINDOWS;C:\WINDOWS\System32\Wbem;C:\WINDOWS\System32\WindowsPowerShell\v1.0\;C:\Program Files (x86)\Druide\Antidote 8\Programmes64\;C:\Program Files (x86)\Druide\Antidote 8\Programmes32\;C:\Program Files (x86)\LyX 2.2\Perl\bin;C:\Program Files (x86)\Calibre2\;C:\Users\Fred\AppData\Local\Microsoft\WindowsApps;
USERNAME=Fred
OS=Windows_NT
PROCESSOR_IDENTIFIER=Intel64 Family 6 Model 94 Stepping 3, GenuineIntel



---------------  S Y S T E M  ---------------

OS: Windows 10.0 , 64 bit Build 15063 (10.0.15063.296)

CPU:total 8 (initial active 8) (4 cores per cpu, 2 threads per core) family 6 model 94 stepping 3, cmov, cx8, fxsr, mmx, sse, sse2, sse3, ssse3, sse4.1, sse4.2, popcnt, avx, avx2, aes, clmul, erms, rtm, 3dnowpref, lzcnt, ht, tsc, tscinvbit, bmi1, bmi2, adx

Memory: 4k page, physical 16714408k(12588060k free), swap 33491624k(26588400k free)

vm_info: Java HotSpot(TM) 64-Bit Server VM (25.144-b01) for windows-amd64 JRE (1.8.0_144-b01), built on Jul 21 2017 21:57:33 by "java_re" with MS VC++ 10.0 (VS2010)

time: Sun Oct 08 18:57:03 2017
elapsed time: 8 seconds (0d 0h 0m 8s)

